-------------------|---------|----------|---------|---------|-------------------
File               | % Stmts | % Branch | % Funcs | % Lines | Uncovered Line #s
-------------------|---------|----------|---------|---------|-------------------
All files          |   92.5  |   88.7   |   95.2  |   92.8  |
 src/index.ts      |   95.0  |   90.0   |   100   |   95.0  | 10
 src/utils.ts      |   90.0  |   85.0   |   90.0  |   90.0  | 15,20
-------------------|---------|----------|---------|---------|-------------------
