<?xml version="1.0" encoding="UTF-8"?>
<coverage generated="1755968350223" clover="3.2.0">
  <project timestamp="1755968350223" name="All files">
    <metrics statements="497" coveredstatements="354" conditionals="277" coveredconditionals="104" methods="140" coveredmethods="75" elements="914" coveredelements="533" complexity="0" loc="497" ncloc="497" packages="6" files="20" classes="20"/>
    <package name="components">
      <metrics statements="25" coveredstatements="24" conditionals="8" coveredconditionals="7" methods="4" coveredmethods="4"/>
      <file name="MultiverseGallery.tsx" path="/home/davicho/Documentos/Meta Studio Ad Studio App SPA/src/components/MultiverseGallery.tsx">
        <metrics statements="25" coveredstatements="24" conditionals="8" coveredconditionals="7" methods="4" coveredmethods="4"/>
        <line num="1" count="1" type="stmt"/>
        <line num="9" count="1" type="stmt"/>
        <line num="10" count="8" type="stmt"/>
        <line num="11" count="7" type="stmt"/>
        <line num="12" count="7" type="stmt"/>
        <line num="14" count="7" type="stmt"/>
        <line num="15" count="4" type="stmt"/>
        <line num="16" count="4" type="stmt"/>
        <line num="17" count="4" type="stmt"/>
        <line num="19" count="4" type="stmt"/>
        <line num="20" count="3" type="cond" truecount="1" falsecount="1"/>
        <line num="21" count="0" type="stmt"/>
        <line num="23" count="3" type="stmt"/>
        <line num="24" count="3" type="stmt"/>
        <line num="26" count="1" type="stmt"/>
        <line num="27" count="1" type="stmt"/>
        <line num="29" count="4" type="stmt"/>
        <line num="33" count="4" type="stmt"/>
        <line num="36" count="7" type="cond" truecount="2" falsecount="0"/>
        <line num="37" count="4" type="stmt"/>
        <line num="40" count="3" type="cond" truecount="2" falsecount="0"/>
        <line num="41" count="1" type="stmt"/>
        <line num="44" count="2" type="stmt"/>
        <line num="50" count="2" type="stmt"/>
        <line num="96" count="1" type="stmt"/>
      </file>
    </package>
    <package name="components.dashboard">
      <metrics statements="102" coveredstatements="69" conditionals="75" coveredconditionals="43" methods="25" coveredmethods="13"/>
      <file name="AIAgentCard.tsx" path="/home/davicho/Documentos/Meta Studio Ad Studio App SPA/src/components/dashboard/AIAgentCard.tsx">
        <metrics statements="29" coveredstatements="23" conditionals="21" coveredconditionals="15" methods="8" coveredmethods="3"/>
        <line num="2" count="6" type="stmt"/>
        <line num="3" count="6" type="stmt"/>
        <line num="4" count="6" type="stmt"/>
        <line num="14" count="6" type="stmt"/>
        <line num="21" count="21" type="stmt"/>
        <line num="22" count="21" type="stmt"/>
        <line num="24" count="21" type="stmt"/>
        <line num="25" count="21" type="cond" truecount="4" falsecount="0"/>
        <line num="27" count="10" type="stmt"/>
        <line num="29" count="3" type="stmt"/>
        <line num="31" count="4" type="stmt"/>
        <line num="33" count="4" type="stmt"/>
        <line num="37" count="21" type="stmt"/>
        <line num="38" count="21" type="cond" truecount="4" falsecount="0"/>
        <line num="40" count="10" type="stmt"/>
        <line num="42" count="3" type="stmt"/>
        <line num="44" count="4" type="stmt"/>
        <line num="46" count="4" type="stmt"/>
        <line num="50" count="21" type="stmt"/>
        <line num="51" count="0" type="cond" truecount="0" falsecount="2"/>
        <line num="52" count="0" type="stmt"/>
        <line num="59" count="21" type="stmt"/>
        <line num="60" count="0" type="stmt"/>
        <line num="67" count="21" type="stmt"/>
        <line num="68" count="0" type="stmt"/>
        <line num="75" count="21" type="stmt"/>
        <line num="78" count="0" type="stmt"/>
        <line num="79" count="0" type="stmt"/>
        <line num="149" count="6" type="stmt"/>
      </file>
      <file name="AIPredictiveInsights.tsx" path="/home/davicho/Documentos/Meta Studio Ad Studio App SPA/src/components/dashboard/AIPredictiveInsights.tsx">
        <metrics statements="28" coveredstatements="13" conditionals="14" coveredconditionals="3" methods="7" coveredmethods="2"/>
        <line num="2" count="3" type="stmt"/>
        <line num="3" count="3" type="stmt"/>
        <line num="4" count="3" type="stmt"/>
        <line num="15" count="3" type="stmt"/>
        <line num="16" count="0" type="cond" truecount="0" falsecount="5"/>
        <line num="17" count="0" type="stmt"/>
        <line num="18" count="0" type="stmt"/>
        <line num="19" count="0" type="stmt"/>
        <line num="20" count="0" type="stmt"/>
        <line num="21" count="0" type="stmt"/>
        <line num="25" count="3" type="stmt"/>
        <line num="26" count="0" type="cond" truecount="0" falsecount="4"/>
        <line num="27" count="0" type="stmt"/>
        <line num="28" count="0" type="stmt"/>
        <line num="29" count="0" type="stmt"/>
        <line num="30" count="0" type="stmt"/>
        <line num="34" count="3" type="cond" truecount="1" falsecount="0"/>
        <line num="35" count="3" type="stmt"/>
        <line num="36" count="3" type="stmt"/>
        <line num="38" count="3" type="stmt"/>
        <line num="39" count="0" type="cond" truecount="0" falsecount="2"/>
        <line num="41" count="0" type="stmt"/>
        <line num="48" count="3" type="stmt"/>
        <line num="49" count="0" type="stmt"/>
        <line num="56" count="3" type="stmt"/>
        <line num="70" count="4" type="stmt"/>
        <line num="73" count="0" type="stmt"/>
        <line num="97" count="3" type="stmt"/>
      </file>
      <file name="PhaseProgress.tsx" path="/home/davicho/Documentos/Meta Studio Ad Studio App SPA/src/components/dashboard/PhaseProgress.tsx">
        <metrics statements="20" coveredstatements="15" conditionals="24" coveredconditionals="15" methods="6" coveredmethods="5"/>
        <line num="14" count="2" type="stmt"/>
        <line num="15" count="16" type="cond" truecount="3" falsecount="2"/>
        <line num="17" count="2" type="stmt"/>
        <line num="19" count="10" type="stmt"/>
        <line num="21" count="4" type="stmt"/>
        <line num="23" count="0" type="stmt"/>
        <line num="25" count="0" type="stmt"/>
        <line num="29" count="2" type="stmt"/>
        <line num="30" count="8" type="cond" truecount="3" falsecount="2"/>
        <line num="32" count="1" type="stmt"/>
        <line num="34" count="5" type="stmt"/>
        <line num="36" count="2" type="stmt"/>
        <line num="38" count="0" type="stmt"/>
        <line num="40" count="0" type="stmt"/>
        <line num="44" count="2" type="stmt"/>
        <line num="49" count="2" type="stmt"/>
        <line num="53" count="8" type="stmt"/>
        <line num="67" count="8" type="stmt"/>
        <line num="72" count="0" type="cond" truecount="0" falsecount="2"/>
        <line num="98" count="2" type="stmt"/>
      </file>
      <file name="ProgressRing.tsx" path="/home/davicho/Documentos/Meta Studio Ad Studio App SPA/src/components/dashboard/ProgressRing.tsx">
        <metrics statements="22" coveredstatements="15" conditionals="8" coveredconditionals="4" methods="3" coveredmethods="2"/>
        <line num="2" count="2" type="stmt"/>
        <line num="12" count="2" type="stmt"/>
        <line num="19" count="2" type="stmt"/>
        <line num="20" count="2" type="stmt"/>
        <line num="21" count="2" type="stmt"/>
        <line num="22" count="2" type="stmt"/>
        <line num="24" count="2" type="stmt"/>
        <line num="25" count="2" type="cond" truecount="1" falsecount="1"/>
        <line num="26" count="0" type="stmt"/>
        <line num="27" count="0" type="stmt"/>
        <line num="30" count="2" type="stmt"/>
        <line num="31" count="2" type="stmt"/>
        <line num="32" count="2" type="stmt"/>
        <line num="34" count="2" type="stmt"/>
        <line num="35" count="0" type="stmt"/>
        <line num="36" count="0" type="stmt"/>
        <line num="38" count="0" type="stmt"/>
        <line num="40" count="0" type="cond" truecount="0" falsecount="2"/>
        <line num="41" count="0" type="stmt"/>
        <line num="45" count="2" type="stmt"/>
        <line num="48" count="2" type="stmt"/>
        <line num="80" count="2" type="stmt"/>
      </file>
      <file name="StatCard.tsx" path="/home/davicho/Documentos/Meta Studio Ad Studio App SPA/src/components/dashboard/StatCard.tsx">
        <metrics statements="3" coveredstatements="3" conditionals="8" coveredconditionals="6" methods="1" coveredmethods="1"/>
        <line num="16" count="6" type="stmt"/>
        <line num="24" count="24" type="stmt"/>
        <line num="54" count="6" type="stmt"/>
      </file>
    </package>
    <package name="components.ui">
      <metrics statements="127" coveredstatements="79" conditionals="102" coveredconditionals="6" methods="26" coveredmethods="13"/>
      <file name="card.tsx" path="/home/davicho/Documentos/Meta Studio Ad Studio App SPA/src/components/ui/card.tsx">
        <metrics statements="21" coveredstatements="17" conditionals="0" coveredconditionals="0" methods="6" coveredmethods="2"/>
        <line num="1" count="1" type="stmt"/>
        <line num="3" count="1" type="stmt"/>
        <line num="5" count="1" type="stmt"/>
        <line num="9" count="3" type="stmt"/>
        <line num="18" count="1" type="stmt"/>
        <line num="20" count="1" type="stmt"/>
        <line num="24" count="0" type="stmt"/>
        <line num="30" count="1" type="stmt"/>
        <line num="32" count="1" type="stmt"/>
        <line num="36" count="0" type="stmt"/>
        <line num="45" count="1" type="stmt"/>
        <line num="47" count="1" type="stmt"/>
        <line num="51" count="0" type="stmt"/>
        <line num="57" count="1" type="stmt"/>
        <line num="59" count="1" type="stmt"/>
        <line num="63" count="3" type="stmt"/>
        <line num="65" count="1" type="stmt"/>
        <line num="67" count="1" type="stmt"/>
        <line num="71" count="0" type="stmt"/>
        <line num="77" count="1" type="stmt"/>
        <line num="79" count="1" type="stmt"/>
      </file>
      <file name="chart.tsx" path="/home/davicho/Documentos/Meta Studio Ad Studio App SPA/src/components/ui/chart.tsx">
        <metrics statements="72" coveredstatements="30" conditionals="102" coveredconditionals="6" methods="12" coveredmethods="5"/>
        <line num="1" count="1" type="stmt"/>
        <line num="2" count="1" type="stmt"/>
        <line num="4" count="1" type="stmt"/>
        <line num="7" count="1" type="stmt"/>
        <line num="23" count="1" type="stmt"/>
        <line num="26" count="0" type="stmt"/>
        <line num="28" count="0" type="cond" truecount="0" falsecount="2"/>
        <line num="29" count="0" type="stmt"/>
        <line num="32" count="0" type="stmt"/>
        <line num="35" count="1" type="stmt"/>
        <line num="44" count="3" type="stmt"/>
        <line num="45" count="3" type="cond" truecount="2" falsecount="0"/>
        <line num="47" count="3" type="stmt"/>
        <line num="66" count="1" type="stmt"/>
        <line num="68" count="1" type="stmt"/>
        <line num="69" count="3" type="stmt"/>
        <line num="70" count="9" type="cond" truecount="1" falsecount="1"/>
        <line num="73" count="3" type="cond" truecount="1" falsecount="1"/>
        <line num="74" count="0" type="stmt"/>
        <line num="77" count="3" type="stmt"/>
        <line num="82" count="6" type="stmt"/>
        <line num="87" count="18" type="cond" truecount="1" falsecount="1"/>
        <line num="89" count="18" type="cond" truecount="1" falsecount="1"/>
        <line num="101" count="1" type="stmt"/>
        <line num="103" count="1" type="stmt"/>
        <line num="132" count="0" type="stmt"/>
        <line num="134" count="0" type="stmt"/>
        <line num="135" count="0" type="cond" truecount="0" falsecount="4"/>
        <line num="136" count="0" type="stmt"/>
        <line num="139" count="0" type="stmt"/>
        <line num="140" count="0" type="cond" truecount="0" falsecount="4"/>
        <line num="141" count="0" type="stmt"/>
        <line num="143" count="0" type="cond" truecount="0" falsecount="4"/>
        <line num="147" count="0" type="cond" truecount="0" falsecount="2"/>
        <line num="148" count="0" type="stmt"/>
        <line num="155" count="0" type="cond" truecount="0" falsecount="2"/>
        <line num="156" count="0" type="stmt"/>
        <line num="159" count="0" type="stmt"/>
        <line num="170" count="0" type="cond" truecount="0" falsecount="4"/>
        <line num="171" count="0" type="stmt"/>
        <line num="174" count="0" type="cond" truecount="0" falsecount="2"/>
        <line num="176" count="0" type="stmt"/>
        <line num="187" count="0" type="cond" truecount="0" falsecount="4"/>
        <line num="188" count="0" type="stmt"/>
        <line num="189" count="0" type="cond" truecount="0" falsecount="3"/>
        <line num="191" count="0" type="stmt"/>
        <line num="255" count="1" type="stmt"/>
        <line num="257" count="1" type="stmt"/>
        <line num="259" count="1" type="stmt"/>
        <line num="271" count="0" type="stmt"/>
        <line num="273" count="0" type="cond" truecount="0" falsecount="2"/>
        <line num="274" count="0" type="stmt"/>
        <line num="277" count="0" type="stmt"/>
        <line num="287" count="0" type="cond" truecount="0" falsecount="3"/>
        <line num="288" count="0" type="stmt"/>
        <line num="290" count="0" type="stmt"/>
        <line num="315" count="1" type="stmt"/>
        <line num="323" count="0" type="cond" truecount="0" falsecount="4"/>
        <line num="324" count="0" type="stmt"/>
        <line num="328" count="0" type="cond" truecount="0" falsecount="5"/>
        <line num="334" count="0" type="stmt"/>
        <line num="336" count="0" type="cond" truecount="0" falsecount="2"/>
        <line num="340" count="0" type="stmt"/>
        <line num="341" count="0" type="cond" truecount="0" falsecount="2"/>
        <line num="346" count="0" type="stmt"/>
        <line num="351" count="0" type="cond" truecount="0" falsecount="2"/>
        <line num="357" count="1" type="stmt"/>
        <line num="358" count="1" type="stmt"/>
        <line num="359" count="1" type="stmt"/>
        <line num="360" count="1" type="stmt"/>
        <line num="361" count="1" type="stmt"/>
        <line num="362" count="1" type="stmt"/>
      </file>
      <file name="table.tsx" path="/home/davicho/Documentos/Meta Studio Ad Studio App SPA/src/components/ui/table.tsx">
        <metrics statements="34" coveredstatements="32" conditionals="0" coveredconditionals="0" methods="8" coveredmethods="6"/>
        <line num="1" count="1" type="stmt"/>
        <line num="3" count="1" type="stmt"/>
        <line num="5" count="1" type="stmt"/>
        <line num="9" count="1" type="stmt"/>
        <line num="17" count="1" type="stmt"/>
        <line num="19" count="1" type="stmt"/>
        <line num="23" count="1" type="stmt"/>
        <line num="25" count="1" type="stmt"/>
        <line num="27" count="1" type="stmt"/>
        <line num="31" count="1" type="stmt"/>
        <line num="37" count="1" type="stmt"/>
        <line num="39" count="1" type="stmt"/>
        <line num="43" count="0" type="stmt"/>
        <line num="52" count="1" type="stmt"/>
        <line num="54" count="1" type="stmt"/>
        <line num="58" count="6" type="stmt"/>
        <line num="67" count="1" type="stmt"/>
        <line num="69" count="1" type="stmt"/>
        <line num="73" count="6" type="stmt"/>
        <line num="82" count="1" type="stmt"/>
        <line num="84" count="1" type="stmt"/>
        <line num="88" count="30" type="stmt"/>
        <line num="94" count="1" type="stmt"/>
        <line num="96" count="1" type="stmt"/>
        <line num="100" count="0" type="stmt"/>
        <line num="106" count="1" type="stmt"/>
        <line num="109" count="1" type="stmt"/>
        <line num="110" count="1" type="stmt"/>
        <line num="111" count="1" type="stmt"/>
        <line num="112" count="1" type="stmt"/>
        <line num="113" count="1" type="stmt"/>
        <line num="114" count="1" type="stmt"/>
        <line num="115" count="1" type="stmt"/>
        <line num="116" count="1" type="stmt"/>
      </file>
    </package>
    <package name="hooks">
      <metrics statements="53" coveredstatements="31" conditionals="20" coveredconditionals="2" methods="18" coveredmethods="8"/>
      <file name="use-toast.ts" path="/home/davicho/Documentos/Meta Studio Ad Studio App SPA/src/hooks/use-toast.ts">
        <metrics statements="53" coveredstatements="31" conditionals="20" coveredconditionals="2" methods="18" coveredmethods="8"/>
        <line num="1" count="6" type="stmt"/>
        <line num="8" count="6" type="stmt"/>
        <line num="9" count="6" type="stmt"/>
        <line num="18" count="6" type="stmt"/>
        <line num="25" count="6" type="stmt"/>
        <line num="28" count="1" type="stmt"/>
        <line num="29" count="1" type="stmt"/>
        <line num="56" count="6" type="stmt"/>
        <line num="58" count="6" type="stmt"/>
        <line num="59" count="0" type="cond" truecount="0" falsecount="2"/>
        <line num="60" count="0" type="stmt"/>
        <line num="63" count="0" type="stmt"/>
        <line num="64" count="0" type="stmt"/>
        <line num="65" count="0" type="stmt"/>
        <line num="71" count="0" type="stmt"/>
        <line num="74" count="6" type="stmt"/>
        <line num="75" count="1" type="cond" truecount="1" falsecount="3"/>
        <line num="77" count="1" type="stmt"/>
        <line num="83" count="0" type="stmt"/>
        <line num="86" count="0" type="cond" truecount="0" falsecount="2"/>
        <line num="91" count="0" type="stmt"/>
        <line num="95" count="0" type="cond" truecount="0" falsecount="2"/>
        <line num="96" count="0" type="stmt"/>
        <line num="98" count="0" type="stmt"/>
        <line num="99" count="0" type="stmt"/>
        <line num="103" count="0" type="stmt"/>
        <line num="106" count="0" type="cond" truecount="0" falsecount="4"/>
        <line num="116" count="0" type="cond" truecount="0" falsecount="2"/>
        <line num="117" count="0" type="stmt"/>
        <line num="122" count="0" type="stmt"/>
        <line num="124" count="0" type="stmt"/>
        <line num="129" count="6" type="stmt"/>
        <line num="131" count="6" type="stmt"/>
        <line num="134" count="1" type="stmt"/>
        <line num="135" count="1" type="stmt"/>
        <line num="136" count="1" type="stmt"/>
        <line num="143" count="1" type="stmt"/>
        <line num="145" count="1" type="stmt"/>
        <line num="146" count="0" type="stmt"/>
        <line num="150" count="1" type="stmt"/>
        <line num="152" count="1" type="stmt"/>
        <line num="159" count="0" type="cond" truecount="0" falsecount="2"/>
        <line num="164" count="1" type="stmt"/>
        <line num="172" count="28" type="stmt"/>
        <line num="174" count="28" type="stmt"/>
        <line num="175" count="28" type="stmt"/>
        <line num="176" count="28" type="stmt"/>
        <line num="177" count="28" type="stmt"/>
        <line num="178" count="28" type="cond" truecount="1" falsecount="1"/>
        <line num="179" count="28" type="stmt"/>
        <line num="184" count="28" type="stmt"/>
        <line num="187" count="0" type="stmt"/>
        <line num="191" count="6" type="stmt"/>
      </file>
    </package>
    <package name="lib">
      <metrics statements="5" coveredstatements="5" conditionals="0" coveredconditionals="0" methods="2" coveredmethods="2"/>
      <file name="sdlc-data.ts" path="/home/davicho/Documentos/Meta Studio Ad Studio App SPA/src/lib/sdlc-data.ts">
        <metrics statements="1" coveredstatements="1" conditionals="0" coveredconditionals="0" methods="1" coveredmethods="1"/>
        <line num="1" count="1" type="stmt"/>
      </file>
      <file name="utils.ts" path="/home/davicho/Documentos/Meta Studio Ad Studio App SPA/src/lib/utils.ts">
        <metrics statements="4" coveredstatements="4" conditionals="0" coveredconditionals="0" methods="1" coveredmethods="1"/>
        <line num="1" count="1" type="stmt"/>
        <line num="2" count="1" type="stmt"/>
        <line num="4" count="1" type="stmt"/>
        <line num="5" count="54" type="stmt"/>
      </file>
    </package>
    <package name="pages">
      <metrics statements="185" coveredstatements="146" conditionals="72" coveredconditionals="46" methods="65" coveredmethods="35"/>
      <file name="Deployment.tsx" path="/home/davicho/Documentos/Meta Studio Ad Studio App SPA/src/pages/Deployment.tsx">
        <metrics statements="16" coveredstatements="16" conditionals="4" coveredconditionals="0" methods="6" coveredmethods="6"/>
        <line num="2" count="1" type="stmt"/>
        <line num="3" count="1" type="stmt"/>
        <line num="4" count="1" type="stmt"/>
        <line num="6" count="1" type="stmt"/>
        <line num="30" count="1" type="stmt"/>
        <line num="31" count="1" type="stmt"/>
        <line num="233" count="3" type="stmt"/>
        <line num="242" count="1" type="cond" truecount="0" falsecount="1"/>
        <line num="243" count="2" type="stmt"/>
        <line num="259" count="1" type="cond" truecount="0" falsecount="1"/>
        <line num="260" count="1" type="stmt"/>
        <line num="283" count="1" type="cond" truecount="0" falsecount="1"/>
        <line num="284" count="1" type="stmt"/>
        <line num="301" count="1" type="cond" truecount="0" falsecount="1"/>
        <line num="302" count="1" type="stmt"/>
        <line num="321" count="1" type="stmt"/>
      </file>
      <file name="Development.tsx" path="/home/davicho/Documentos/Meta Studio Ad Studio App SPA/src/pages/Development.tsx">
        <metrics statements="19" coveredstatements="18" conditionals="5" coveredconditionals="4" methods="5" coveredmethods="5"/>
        <line num="2" count="1" type="stmt"/>
        <line num="3" count="1" type="stmt"/>
        <line num="4" count="1" type="stmt"/>
        <line num="6" count="1" type="stmt"/>
        <line num="30" count="1" type="stmt"/>
        <line num="47" count="1" type="stmt"/>
        <line num="78" count="1" type="stmt"/>
        <line num="79" count="4" type="cond" truecount="4" falsecount="1"/>
        <line num="81" count="1" type="stmt"/>
        <line num="83" count="1" type="stmt"/>
        <line num="85" count="1" type="stmt"/>
        <line num="87" count="1" type="stmt"/>
        <line num="89" count="0" type="stmt"/>
        <line num="93" count="1" type="stmt"/>
        <line num="94" count="1" type="stmt"/>
        <line num="146" count="2" type="stmt"/>
        <line num="209" count="4" type="stmt"/>
        <line num="247" count="3" type="stmt"/>
        <line num="255" count="1" type="stmt"/>
      </file>
      <file name="Implementation.tsx" path="/home/davicho/Documentos/Meta Studio Ad Studio App SPA/src/pages/Implementation.tsx">
        <metrics statements="15" coveredstatements="15" conditionals="10" coveredconditionals="9" methods="6" coveredmethods="6"/>
        <line num="2" count="1" type="stmt"/>
        <line num="3" count="1" type="stmt"/>
        <line num="4" count="1" type="stmt"/>
        <line num="6" count="1" type="stmt"/>
        <line num="30" count="1" type="stmt"/>
        <line num="54" count="1" type="stmt"/>
        <line num="78" count="1" type="stmt"/>
        <line num="85" count="1" type="stmt"/>
        <line num="86" count="1" type="stmt"/>
        <line num="140" count="3" type="stmt"/>
        <line num="196" count="3" type="stmt"/>
        <line num="206" count="15" type="stmt"/>
        <line num="245" count="4" type="stmt"/>
        <line num="294" count="3" type="stmt"/>
        <line num="302" count="1" type="stmt"/>
      </file>
      <file name="Insights.tsx" path="/home/davicho/Documentos/Meta Studio Ad Studio App SPA/src/pages/Insights.tsx">
        <metrics statements="4" coveredstatements="4" conditionals="0" coveredconditionals="0" methods="1" coveredmethods="1"/>
        <line num="2" count="1" type="stmt"/>
        <line num="4" count="1" type="stmt"/>
        <line num="5" count="1" type="stmt"/>
        <line num="141" count="1" type="stmt"/>
      </file>
      <file name="Overview.tsx" path="/home/davicho/Documentos/Meta Studio Ad Studio App SPA/src/pages/Overview.tsx">
        <metrics statements="48" coveredstatements="28" conditionals="4" coveredconditionals="2" methods="17" coveredmethods="4"/>
        <line num="1" count="1" type="stmt"/>
        <line num="2" count="1" type="stmt"/>
        <line num="3" count="1" type="stmt"/>
        <line num="4" count="1" type="stmt"/>
        <line num="5" count="1" type="stmt"/>
        <line num="6" count="1" type="stmt"/>
        <line num="7" count="1" type="stmt"/>
        <line num="8" count="1" type="stmt"/>
        <line num="10" count="1" type="stmt"/>
        <line num="17" count="1" type="stmt"/>
        <line num="48" count="1" type="stmt"/>
        <line num="49" count="1" type="stmt"/>
        <line num="50" count="1" type="stmt"/>
        <line num="51" count="1" type="stmt"/>
        <line num="52" count="1" type="stmt"/>
        <line num="53" count="1" type="stmt"/>
        <line num="56" count="1" type="stmt"/>
        <line num="57" count="1" type="stmt"/>
        <line num="58" count="0" type="stmt"/>
        <line num="65" count="1" type="stmt"/>
        <line num="68" count="1" type="stmt"/>
        <line num="69" count="0" type="stmt"/>
        <line num="70" count="0" type="stmt"/>
        <line num="77" count="1" type="stmt"/>
        <line num="78" count="0" type="stmt"/>
        <line num="81" count="0" type="stmt"/>
        <line num="82" count="0" type="stmt"/>
        <line num="83" count="0" type="stmt"/>
        <line num="91" count="1" type="stmt"/>
        <line num="92" count="0" type="stmt"/>
        <line num="99" count="1" type="stmt"/>
        <line num="100" count="0" type="stmt"/>
        <line num="103" count="0" type="stmt"/>
        <line num="104" count="0" type="stmt"/>
        <line num="105" count="0" type="stmt"/>
        <line num="113" count="1" type="stmt"/>
        <line num="114" count="0" type="stmt"/>
        <line num="115" count="0" type="stmt"/>
        <line num="116" count="0" type="stmt"/>
        <line num="119" count="1" type="stmt"/>
        <line num="126" count="1" type="stmt"/>
        <line num="224" count="0" type="stmt"/>
        <line num="240" count="0" type="stmt"/>
        <line num="278" count="4" type="stmt"/>
        <line num="296" count="0" type="stmt"/>
        <line num="306" count="0" type="stmt"/>
        <line num="315" count="0" type="stmt"/>
        <line num="330" count="1" type="stmt"/>
      </file>
      <file name="Planning.tsx" path="/home/davicho/Documentos/Meta Studio Ad Studio App SPA/src/pages/Planning.tsx">
        <metrics statements="38" coveredstatements="29" conditionals="28" coveredconditionals="19" methods="14" coveredmethods="5"/>
        <line num="2" count="1" type="stmt"/>
        <line num="3" count="1" type="stmt"/>
        <line num="4" count="1" type="stmt"/>
        <line num="5" count="1" type="stmt"/>
        <line num="6" count="1" type="stmt"/>
        <line num="7" count="1" type="stmt"/>
        <line num="8" count="1" type="stmt"/>
        <line num="17" count="1" type="stmt"/>
        <line num="25" count="1" type="stmt"/>
        <line num="30" count="1" type="stmt"/>
        <line num="32" count="1" type="stmt"/>
        <line num="63" count="1" type="stmt"/>
        <line num="72" count="1" type="stmt"/>
        <line num="78" count="1" type="stmt"/>
        <line num="87" count="1" type="stmt"/>
        <line num="93" count="1" type="stmt"/>
        <line num="95" count="1" type="stmt"/>
        <line num="96" count="1" type="stmt"/>
        <line num="97" count="1" type="stmt"/>
        <line num="99" count="1" type="stmt"/>
        <line num="100" count="0" type="cond" truecount="0" falsecount="2"/>
        <line num="103" count="1" type="stmt"/>
        <line num="104" count="0" type="stmt"/>
        <line num="111" count="1" type="stmt"/>
        <line num="112" count="0" type="stmt"/>
        <line num="119" count="1" type="stmt"/>
        <line num="120" count="0" type="stmt"/>
        <line num="127" count="1" type="stmt"/>
        <line num="223" count="0" type="stmt"/>
        <line num="226" count="3" type="stmt"/>
        <line num="313" count="0" type="stmt"/>
        <line num="336" count="0" type="stmt"/>
        <line num="359" count="0" type="stmt"/>
        <line num="430" count="5" type="stmt"/>
        <line num="494" count="0" type="stmt"/>
        <line num="497" count="3" type="cond" truecount="4" falsecount="0"/>
        <line num="524" count="4" type="stmt"/>
        <line num="532" count="1" type="stmt"/>
      </file>
      <file name="SdlcDashboard.tsx" path="/home/davicho/Documentos/Meta Studio Ad Studio App SPA/src/pages/SdlcDashboard.tsx">
        <metrics statements="33" coveredstatements="29" conditionals="4" coveredconditionals="3" methods="10" coveredmethods="7"/>
        <line num="1" count="1" type="stmt"/>
        <line num="2" count="1" type="stmt"/>
        <line num="3" count="1" type="stmt"/>
        <line num="4" count="1" type="stmt"/>
        <line num="5" count="1" type="stmt"/>
        <line num="6" count="1" type="stmt"/>
        <line num="7" count="1" type="stmt"/>
        <line num="8" count="1" type="stmt"/>
        <line num="9" count="1" type="stmt"/>
        <line num="13" count="1" type="stmt"/>
        <line num="14" count="2" type="stmt"/>
        <line num="15" count="2" type="stmt"/>
        <line num="16" count="2" type="stmt"/>
        <line num="18" count="2" type="stmt"/>
        <line num="19" count="1" type="stmt"/>
        <line num="20" count="1" type="stmt"/>
        <line num="21" count="1" type="stmt"/>
        <line num="22" count="1" type="stmt"/>
        <line num="29" count="1" type="stmt"/>
        <line num="30" count="1" type="stmt"/>
        <line num="32" count="1" type="stmt"/>
        <line num="35" count="2" type="stmt"/>
        <line num="36" count="0" type="stmt"/>
        <line num="37" count="0" type="stmt"/>
        <line num="38" count="0" type="stmt"/>
        <line num="39" count="0" type="stmt"/>
        <line num="47" count="2" type="cond" truecount="2" falsecount="0"/>
        <line num="48" count="1" type="stmt"/>
        <line num="55" count="1" type="stmt"/>
        <line num="126" count="4" type="stmt"/>
        <line num="136" count="4" type="stmt"/>
        <line num="155" count="4" type="stmt"/>
        <line num="186" count="1" type="stmt"/>
      </file>
      <file name="Settings.tsx" path="/home/davicho/Documentos/Meta Studio Ad Studio App SPA/src/pages/Settings.tsx">
        <metrics statements="12" coveredstatements="7" conditionals="17" coveredconditionals="9" methods="6" coveredmethods="1"/>
        <line num="2" count="1" type="stmt"/>
        <line num="3" count="1" type="stmt"/>
        <line num="5" count="1" type="stmt"/>
        <line num="6" count="1" type="stmt"/>
        <line num="8" count="1" type="stmt"/>
        <line num="24" count="0" type="stmt"/>
        <line num="35" count="0" type="stmt"/>
        <line num="46" count="0" type="stmt"/>
        <line num="57" count="0" type="stmt"/>
        <line num="192" count="1" type="cond" truecount="0" falsecount="1"/>
        <line num="193" count="0" type="stmt"/>
        <line num="217" count="1" type="stmt"/>
      </file>
    </package>
  </project>
</coverage>
