{"/home/davicho/Documentos/Meta Studio Ad Studio App SPA/src/components/MultiverseGallery.tsx": {"path":"/home/davicho/Documentos/Meta Studio Ad Studio App SPA/src/components/MultiverseGallery.tsx","statementMap":{"0":{"start":{"line":1,"column":0},"end":{"line":1,"column":51}},"1":{"start":{"line":9,"column":36},"end":{"line":94,"column":1}},"2":{"start":{"line":10,"column":30},"end":{"line":10,"column":51}},"3":{"start":{"line":11,"column":32},"end":{"line":11,"column":55}},"4":{"start":{"line":12,"column":28},"end":{"line":12,"column":57}},"5":{"start":{"line":14,"column":2},"end":{"line":34,"column":9}},"6":{"start":{"line":15,"column":24},"end":{"line":31,"column":5}},"7":{"start":{"line":16,"column":6},"end":{"line":30,"column":7}},"8":{"start":{"line":17,"column":8},"end":{"line":17,"column":25}},"9":{"start":{"line":19,"column":25},"end":{"line":19,"column":62}},"10":{"start":{"line":20,"column":8},"end":{"line":22,"column":9}},"11":{"start":{"line":21,"column":10},"end":{"line":21,"column":68}},"12":{"start":{"line":23,"column":30},"end":{"line":23,"column":51}},"13":{"start":{"line":24,"column":8},"end":{"line":24,"column":24}},"14":{"start":{"line":26,"column":8},"end":{"line":26,"column":30}},"15":{"start":{"line":27,"column":8},"end":{"line":27,"column":54}},"16":{"start":{"line":29,"column":8},"end":{"line":29,"column":26}},"17":{"start":{"line":33,"column":4},"end":{"line":33,"column":18}},"18":{"start":{"line":36,"column":2},"end":{"line":38,"column":3}},"19":{"start":{"line":37,"column":4},"end":{"line":37,"column":41}},"20":{"start":{"line":40,"column":2},"end":{"line":42,"column":3}},"21":{"start":{"line":41,"column":4},"end":{"line":41,"column":53}},"22":{"start":{"line":44,"column":2},"end":{"line":93,"column":4}},"23":{"start":{"line":50,"column":12},"end":{"line":50,"column":32}},"24":{"start":{"line":96,"column":0},"end":{"line":96,"column":33}}},"fnMap":{"0":{"name":"(anonymous_0)","decl":{"start":{"line":9,"column":36},"end":{"line":9,"column":39}},"loc":{"start":{"line":9,"column":41},"end":{"line":94,"column":1}}},"1":{"name":"(anonymous_1)","decl":{"start":{"line":14,"column":12},"end":{"line":14,"column":15}},"loc":{"start":{"line":14,"column":17},"end":{"line":34,"column":3}}},"2":{"name":"(anonymous_2)","decl":{"start":{"line":15,"column":24},"end":{"line":15,"column":29}},"loc":{"start":{"line":15,"column":35},"end":{"line":31,"column":5}}},"3":{"name":"(anonymous_3)","decl":{"start":{"line":49,"column":22},"end":{"line":49,"column":23}},"loc":{"start":{"line":50,"column":12},"end":{"line":50,"column":32}}}},"branchMap":{"0":{"loc":{"start":{"line":20,"column":8},"end":{"line":22,"column":9}},"type":"if","locations":[{"start":{"line":20,"column":8},"end":{"line":22,"column":9}},{"start":{},"end":{}}]},"1":{"loc":{"start":{"line":36,"column":2},"end":{"line":38,"column":3}},"type":"if","locations":[{"start":{"line":36,"column":2},"end":{"line":38,"column":3}},{"start":{},"end":{}}]},"2":{"loc":{"start":{"line":40,"column":2},"end":{"line":42,"column":3}},"type":"if","locations":[{"start":{"line":40,"column":2},"end":{"line":42,"column":3}},{"start":{},"end":{}}]},"3":{"loc":{"start":{"line":47,"column":7},"end":{"line":57,"column":null}},"type":"cond-expr","locations":[{"start":{"line":48,"column":8},"end":{"line":54,"column":null}},{"start":{"line":57,"column":8},"end":{"line":57,"column":46}}]}},"s":{"0":1,"1":1,"2":8,"3":7,"4":7,"5":7,"6":4,"7":4,"8":4,"9":4,"10":3,"11":0,"12":3,"13":3,"14":1,"15":1,"16":4,"17":4,"18":7,"19":4,"20":3,"21":1,"22":2,"23":2,"24":1},"f":{"0":8,"1":4,"2":4,"3":2},"b":{"0":[0,3],"1":[4,3],"2":[1,2],"3":[1,1]}}
,"/home/davicho/Documentos/Meta Studio Ad Studio App SPA/src/components/dashboard/AIAgentCard.tsx": {"path":"/home/davicho/Documentos/Meta Studio Ad Studio App SPA/src/components/dashboard/AIAgentCard.tsx","statementMap":{"0":{"start":{"line":2,"column":0},"end":{"line":2,"column":78}},"1":{"start":{"line":3,"column":0},"end":{"line":3,"column":33}},"2":{"start":{"line":4,"column":0},"end":{"line":4,"column":45}},"3":{"start":{"line":14,"column":20},"end":{"line":147,"column":1}},"4":{"start":{"line":21,"column":20},"end":{"line":21,"column":30}},"5":{"start":{"line":22,"column":36},"end":{"line":22,"column":51}},"6":{"start":{"line":24,"column":25},"end":{"line":35,"column":3}},"7":{"start":{"line":25,"column":4},"end":{"line":34,"column":5}},"8":{"start":{"line":27,"column":8},"end":{"line":27,"column":30}},"9":{"start":{"line":29,"column":8},"end":{"line":29,"column":31}},"10":{"start":{"line":31,"column":8},"end":{"line":31,"column":29}},"11":{"start":{"line":33,"column":8},"end":{"line":33,"column":29}},"12":{"start":{"line":37,"column":24},"end":{"line":48,"column":3}},"13":{"start":{"line":38,"column":4},"end":{"line":47,"column":5}},"14":{"start":{"line":40,"column":8},"end":{"line":40,"column":24}},"15":{"start":{"line":42,"column":8},"end":{"line":42,"column":25}},"16":{"start":{"line":44,"column":8},"end":{"line":44,"column":26}},"17":{"start":{"line":46,"column":8},"end":{"line":46,"column":29}},"18":{"start":{"line":50,"column":29},"end":{"line":57,"column":3}},"19":{"start":{"line":51,"column":22},"end":{"line":51,"column":63}},"20":{"start":{"line":52,"column":4},"end":{"line":56,"column":7}},"21":{"start":{"line":59,"column":24},"end":{"line":65,"column":3}},"22":{"start":{"line":60,"column":4},"end":{"line":64,"column":7}},"23":{"start":{"line":67,"column":28},"end":{"line":73,"column":3}},"24":{"start":{"line":68,"column":4},"end":{"line":72,"column":7}},"25":{"start":{"line":75,"column":2},"end":{"line":146,"column":4}},"26":{"start":{"line":78,"column":26},"end":{"line":78,"column":44}},"27":{"start":{"line":79,"column":26},"end":{"line":79,"column":45}},"28":{"start":{"line":149,"column":0},"end":{"line":149,"column":27}}},"fnMap":{"0":{"name":"(anonymous_0)","decl":{"start":{"line":14,"column":20},"end":{"line":14,"column":21}},"loc":{"start":{"line":20,"column":19},"end":{"line":147,"column":1}}},"1":{"name":"(anonymous_1)","decl":{"start":{"line":24,"column":25},"end":{"line":24,"column":28}},"loc":{"start":{"line":24,"column":30},"end":{"line":35,"column":3}}},"2":{"name":"(anonymous_2)","decl":{"start":{"line":37,"column":24},"end":{"line":37,"column":27}},"loc":{"start":{"line":37,"column":29},"end":{"line":48,"column":3}}},"3":{"name":"(anonymous_3)","decl":{"start":{"line":50,"column":29},"end":{"line":50,"column":32}},"loc":{"start":{"line":50,"column":34},"end":{"line":57,"column":3}}},"4":{"name":"(anonymous_4)","decl":{"start":{"line":59,"column":24},"end":{"line":59,"column":27}},"loc":{"start":{"line":59,"column":29},"end":{"line":65,"column":3}}},"5":{"name":"(anonymous_5)","decl":{"start":{"line":67,"column":28},"end":{"line":67,"column":31}},"loc":{"start":{"line":67,"column":33},"end":{"line":73,"column":3}}},"6":{"name":"(anonymous_6)","decl":{"start":{"line":78,"column":20},"end":{"line":78,"column":23}},"loc":{"start":{"line":78,"column":26},"end":{"line":78,"column":44}}},"7":{"name":"(anonymous_7)","decl":{"start":{"line":79,"column":20},"end":{"line":79,"column":23}},"loc":{"start":{"line":79,"column":26},"end":{"line":79,"column":45}}}},"branchMap":{"0":{"loc":{"start":{"line":18,"column":2},"end":{"line":18,"column":14}},"type":"default-arg","locations":[{"start":{"line":18,"column":13},"end":{"line":18,"column":14}}]},"1":{"loc":{"start":{"line":25,"column":4},"end":{"line":34,"column":5}},"type":"switch","locations":[{"start":{"line":26,"column":6},"end":{"line":27,"column":30}},{"start":{"line":28,"column":6},"end":{"line":29,"column":31}},{"start":{"line":30,"column":6},"end":{"line":31,"column":29}},{"start":{"line":32,"column":6},"end":{"line":33,"column":29}}]},"2":{"loc":{"start":{"line":38,"column":4},"end":{"line":47,"column":5}},"type":"switch","locations":[{"start":{"line":39,"column":6},"end":{"line":40,"column":24}},{"start":{"line":41,"column":6},"end":{"line":42,"column":25}},{"start":{"line":43,"column":6},"end":{"line":44,"column":26}},{"start":{"line":45,"column":6},"end":{"line":46,"column":29}}]},"3":{"loc":{"start":{"line":51,"column":22},"end":{"line":51,"column":63}},"type":"cond-expr","locations":[{"start":{"line":51,"column":44},"end":{"line":51,"column":52}},{"start":{"line":51,"column":55},"end":{"line":51,"column":63}}]},"4":{"loc":{"start":{"line":54,"column":41},"end":{"line":54,"column":86}},"type":"cond-expr","locations":[{"start":{"line":54,"column":66},"end":{"line":54,"column":74}},{"start":{"line":54,"column":77},"end":{"line":54,"column":86}}]},"5":{"loc":{"start":{"line":93,"column":72},"end":{"line":93,"column":104}},"type":"cond-expr","locations":[{"start":{"line":93,"column":84},"end":{"line":93,"column":99}},{"start":{"line":93,"column":102},"end":{"line":93,"column":104}}]},"6":{"loc":{"start":{"line":99,"column":7},"end":{"line":103,"column":null}},"type":"binary-expr","locations":[{"start":{"line":99,"column":7},"end":{"line":99,"column":18}},{"start":{"line":100,"column":8},"end":{"line":102,"column":null}}]},"7":{"loc":{"start":{"line":106,"column":7},"end":{"line":118,"column":null}},"type":"binary-expr","locations":[{"start":{"line":106,"column":7},"end":{"line":106,"column":19}},{"start":{"line":107,"column":8},"end":{"line":117,"column":null}}]},"8":{"loc":{"start":{"line":138,"column":11},"end":{"line":141,"column":null}},"type":"cond-expr","locations":[{"start":{"line":139,"column":12},"end":{"line":139,"column":57}},{"start":{"line":141,"column":12},"end":{"line":141,"column":56}}]}},"s":{"0":6,"1":6,"2":6,"3":6,"4":21,"5":21,"6":21,"7":21,"8":10,"9":3,"10":4,"11":4,"12":21,"13":21,"14":10,"15":3,"16":4,"17":4,"18":21,"19":0,"20":0,"21":21,"22":0,"23":21,"24":0,"25":21,"26":0,"27":0,"28":6},"f":{"0":21,"1":21,"2":21,"3":0,"4":0,"5":0,"6":0,"7":0},"b":{"0":[0],"1":[10,3,4,4],"2":[10,3,4,4],"3":[0,0],"4":[0,0],"5":[0,21],"6":[21,21],"7":[21,16],"8":[10,11]}}
,"/home/davicho/Documentos/Meta Studio Ad Studio App SPA/src/components/dashboard/AIPredictiveInsights.tsx": {"path":"/home/davicho/Documentos/Meta Studio Ad Studio App SPA/src/components/dashboard/AIPredictiveInsights.tsx","statementMap":{"0":{"start":{"line":2,"column":0},"end":{"line":2,"column":33}},"1":{"start":{"line":3,"column":0},"end":{"line":3,"column":65}},"2":{"start":{"line":4,"column":0},"end":{"line":4,"column":45}},"3":{"start":{"line":15,"column":24},"end":{"line":23,"column":1}},"4":{"start":{"line":16,"column":2},"end":{"line":22,"column":3}},"5":{"start":{"line":17,"column":25},"end":{"line":17,"column":74}},"6":{"start":{"line":18,"column":23},"end":{"line":18,"column":81}},"7":{"start":{"line":19,"column":17},"end":{"line":19,"column":67}},"8":{"start":{"line":20,"column":27},"end":{"line":20,"column":83}},"9":{"start":{"line":21,"column":13},"end":{"line":21,"column":64}},"10":{"start":{"line":25,"column":23},"end":{"line":32,"column":1}},"11":{"start":{"line":26,"column":2},"end":{"line":31,"column":3}},"12":{"start":{"line":27,"column":17},"end":{"line":27,"column":68}},"13":{"start":{"line":28,"column":19},"end":{"line":28,"column":76}},"14":{"start":{"line":29,"column":16},"end":{"line":29,"column":73}},"15":{"start":{"line":30,"column":13},"end":{"line":30,"column":67}},"16":{"start":{"line":34,"column":29},"end":{"line":95,"column":1}},"17":{"start":{"line":35,"column":20},"end":{"line":35,"column":30}},"18":{"start":{"line":36,"column":48},"end":{"line":36,"column":77}},"19":{"start":{"line":38,"column":29},"end":{"line":46,"column":3}},"20":{"start":{"line":39,"column":4},"end":{"line":39,"column":65}},"21":{"start":{"line":41,"column":4},"end":{"line":45,"column":7}},"22":{"start":{"line":48,"column":29},"end":{"line":54,"column":3}},"23":{"start":{"line":49,"column":4},"end":{"line":53,"column":7}},"24":{"start":{"line":56,"column":2},"end":{"line":94,"column":4}},"25":{"start":{"line":70,"column":10},"end":{"line":71,"column":null}},"26":{"start":{"line":73,"column":27},"end":{"line":73,"column":59}},"27":{"start":{"line":97,"column":0},"end":{"line":97,"column":36}}},"fnMap":{"0":{"name":"(anonymous_0)","decl":{"start":{"line":15,"column":24},"end":{"line":15,"column":25}},"loc":{"start":{"line":15,"column":45},"end":{"line":23,"column":1}}},"1":{"name":"(anonymous_1)","decl":{"start":{"line":25,"column":23},"end":{"line":25,"column":24}},"loc":{"start":{"line":25,"column":42},"end":{"line":32,"column":1}}},"2":{"name":"(anonymous_2)","decl":{"start":{"line":34,"column":29},"end":{"line":34,"column":30}},"loc":{"start":{"line":34,"column":112},"end":{"line":95,"column":1}}},"3":{"name":"(anonymous_3)","decl":{"start":{"line":38,"column":29},"end":{"line":38,"column":30}},"loc":{"start":{"line":38,"column":47},"end":{"line":46,"column":3}}},"4":{"name":"(anonymous_4)","decl":{"start":{"line":48,"column":29},"end":{"line":48,"column":30}},"loc":{"start":{"line":48,"column":55},"end":{"line":54,"column":3}}},"5":{"name":"(anonymous_5)","decl":{"start":{"line":69,"column":22},"end":{"line":69,"column":23}},"loc":{"start":{"line":70,"column":10},"end":{"line":71,"column":null}}},"6":{"name":"(anonymous_6)","decl":{"start":{"line":73,"column":21},"end":{"line":73,"column":24}},"loc":{"start":{"line":73,"column":27},"end":{"line":73,"column":59}}}},"branchMap":{"0":{"loc":{"start":{"line":16,"column":2},"end":{"line":22,"column":3}},"type":"switch","locations":[{"start":{"line":17,"column":4},"end":{"line":17,"column":74}},{"start":{"line":18,"column":4},"end":{"line":18,"column":81}},{"start":{"line":19,"column":4},"end":{"line":19,"column":67}},{"start":{"line":20,"column":4},"end":{"line":20,"column":83}},{"start":{"line":21,"column":4},"end":{"line":21,"column":64}}]},"1":{"loc":{"start":{"line":26,"column":2},"end":{"line":31,"column":3}},"type":"switch","locations":[{"start":{"line":27,"column":4},"end":{"line":27,"column":68}},{"start":{"line":28,"column":4},"end":{"line":28,"column":76}},{"start":{"line":29,"column":4},"end":{"line":29,"column":73}},{"start":{"line":30,"column":4},"end":{"line":30,"column":67}}]},"2":{"loc":{"start":{"line":34,"column":32},"end":{"line":34,"column":45}},"type":"default-arg","locations":[{"start":{"line":34,"column":43},"end":{"line":34,"column":45}}]},"3":{"loc":{"start":{"line":39,"column":23},"end":{"line":39,"column":63}},"type":"cond-expr","locations":[{"start":{"line":39,"column":51},"end":{"line":39,"column":55}},{"start":{"line":39,"column":58},"end":{"line":39,"column":63}}]},"4":{"loc":{"start":{"line":82,"column":19},"end":{"line":85,"column":null}},"type":"binary-expr","locations":[{"start":{"line":82,"column":19},"end":{"line":82,"column":37}},{"start":{"line":83,"column":20},"end":{"line":84,"column":null}}]}},"s":{"0":3,"1":3,"2":3,"3":3,"4":0,"5":0,"6":0,"7":0,"8":0,"9":0,"10":3,"11":0,"12":0,"13":0,"14":0,"15":0,"16":3,"17":3,"18":3,"19":3,"20":0,"21":0,"22":3,"23":0,"24":3,"25":4,"26":0,"27":3},"f":{"0":0,"1":0,"2":3,"3":0,"4":0,"5":4,"6":0},"b":{"0":[0,0,0,0,0],"1":[0,0,0,0],"2":[2],"3":[0,0],"4":[4,2]}}
,"/home/davicho/Documentos/Meta Studio Ad Studio App SPA/src/components/dashboard/PhaseProgress.tsx": {"path":"/home/davicho/Documentos/Meta Studio Ad Studio App SPA/src/components/dashboard/PhaseProgress.tsx","statementMap":{"0":{"start":{"line":14,"column":23},"end":{"line":27,"column":1}},"1":{"start":{"line":15,"column":2},"end":{"line":26,"column":3}},"2":{"start":{"line":17,"column":6},"end":{"line":17,"column":30}},"3":{"start":{"line":19,"column":6},"end":{"line":19,"column":29}},"4":{"start":{"line":21,"column":6},"end":{"line":21,"column":27}},"5":{"start":{"line":23,"column":6},"end":{"line":23,"column":28}},"6":{"start":{"line":25,"column":6},"end":{"line":25,"column":27}},"7":{"start":{"line":29,"column":22},"end":{"line":42,"column":1}},"8":{"start":{"line":30,"column":2},"end":{"line":41,"column":3}},"9":{"start":{"line":32,"column":6},"end":{"line":32,"column":26}},"10":{"start":{"line":34,"column":6},"end":{"line":34,"column":27}},"11":{"start":{"line":36,"column":6},"end":{"line":36,"column":25}},"12":{"start":{"line":38,"column":6},"end":{"line":38,"column":29}},"13":{"start":{"line":40,"column":6},"end":{"line":40,"column":16}},"14":{"start":{"line":44,"column":22},"end":{"line":96,"column":1}},"15":{"start":{"line":49,"column":2},"end":{"line":95,"column":4}},"16":{"start":{"line":53,"column":10},"end":{"line":54,"column":null}},"17":{"start":{"line":67,"column":10},"end":{"line":68,"column":null}},"18":{"start":{"line":72,"column":27},"end":{"line":72,"column":67}},"19":{"start":{"line":98,"column":0},"end":{"line":98,"column":29}}},"fnMap":{"0":{"name":"(anonymous_0)","decl":{"start":{"line":14,"column":23},"end":{"line":14,"column":24}},"loc":{"start":{"line":14,"column":42},"end":{"line":27,"column":1}}},"1":{"name":"(anonymous_1)","decl":{"start":{"line":29,"column":22},"end":{"line":29,"column":23}},"loc":{"start":{"line":29,"column":41},"end":{"line":42,"column":1}}},"2":{"name":"(anonymous_2)","decl":{"start":{"line":44,"column":22},"end":{"line":44,"column":23}},"loc":{"start":{"line":48,"column":25},"end":{"line":96,"column":1}}},"3":{"name":"(anonymous_3)","decl":{"start":{"line":52,"column":20},"end":{"line":52,"column":21}},"loc":{"start":{"line":53,"column":10},"end":{"line":54,"column":null}}},"4":{"name":"(anonymous_4)","decl":{"start":{"line":66,"column":20},"end":{"line":66,"column":21}},"loc":{"start":{"line":67,"column":10},"end":{"line":68,"column":null}}},"5":{"name":"(anonymous_5)","decl":{"start":{"line":72,"column":21},"end":{"line":72,"column":24}},"loc":{"start":{"line":72,"column":27},"end":{"line":72,"column":67}}}},"branchMap":{"0":{"loc":{"start":{"line":15,"column":2},"end":{"line":26,"column":3}},"type":"switch","locations":[{"start":{"line":16,"column":4},"end":{"line":17,"column":30}},{"start":{"line":18,"column":4},"end":{"line":19,"column":29}},{"start":{"line":20,"column":4},"end":{"line":21,"column":27}},{"start":{"line":22,"column":4},"end":{"line":23,"column":28}},{"start":{"line":24,"column":4},"end":{"line":25,"column":27}}]},"1":{"loc":{"start":{"line":30,"column":2},"end":{"line":41,"column":3}},"type":"switch","locations":[{"start":{"line":31,"column":4},"end":{"line":32,"column":26}},{"start":{"line":33,"column":4},"end":{"line":34,"column":27}},{"start":{"line":35,"column":4},"end":{"line":36,"column":25}},{"start":{"line":37,"column":4},"end":{"line":38,"column":29}},{"start":{"line":39,"column":4},"end":{"line":40,"column":16}}]},"2":{"loc":{"start":{"line":56,"column":14},"end":{"line":56,"column":null}},"type":"cond-expr","locations":[{"start":{"line":56,"column":28},"end":{"line":56,"column":44}},{"start":{"line":56,"column":47},"end":{"line":56,"column":null}}]},"3":{"loc":{"start":{"line":58,"column":14},"end":{"line":58,"column":null}},"type":"cond-expr","locations":[{"start":{"line":58,"column":44},"end":{"line":58,"column":60}},{"start":{"line":58,"column":63},"end":{"line":58,"column":null}}]},"4":{"loc":{"start":{"line":60,"column":14},"end":{"line":60,"column":null}},"type":"cond-expr","locations":[{"start":{"line":60,"column":48},"end":{"line":60,"column":70}},{"start":{"line":60,"column":73},"end":{"line":60,"column":null}}]},"5":{"loc":{"start":{"line":70,"column":14},"end":{"line":70,"column":null}},"type":"cond-expr","locations":[{"start":{"line":70,"column":48},"end":{"line":70,"column":59}},{"start":{"line":70,"column":62},"end":{"line":70,"column":null}}]},"6":{"loc":{"start":{"line":72,"column":27},"end":{"line":72,"column":67}},"type":"binary-expr","locations":[{"start":{"line":72,"column":27},"end":{"line":72,"column":39}},{"start":{"line":72,"column":43},"end":{"line":72,"column":67}}]},"7":{"loc":{"start":{"line":75,"column":14},"end":{"line":75,"column":null}},"type":"cond-expr","locations":[{"start":{"line":75,"column":48},"end":{"line":75,"column":65}},{"start":{"line":75,"column":68},"end":{"line":75,"column":null}}]},"8":{"loc":{"start":{"line":86,"column":13},"end":{"line":89,"column":null}},"type":"binary-expr","locations":[{"start":{"line":86,"column":13},"end":{"line":86,"column":31}},{"start":{"line":87,"column":14},"end":{"line":88,"column":null}}]}},"s":{"0":2,"1":16,"2":2,"3":10,"4":4,"5":0,"6":0,"7":2,"8":8,"9":1,"10":5,"11":2,"12":0,"13":0,"14":2,"15":2,"16":8,"17":8,"18":0,"19":2},"f":{"0":16,"1":8,"2":2,"3":8,"4":8,"5":0},"b":{"0":[2,10,4,0,0],"1":[1,5,2,0,0],"2":[2,6],"3":[2,6],"4":[0,8],"5":[0,8],"6":[0,0],"7":[0,8],"8":[8,7]}}
,"/home/davicho/Documentos/Meta Studio Ad Studio App SPA/src/components/dashboard/ProgressRing.tsx": {"path":"/home/davicho/Documentos/Meta Studio Ad Studio App SPA/src/components/dashboard/ProgressRing.tsx","statementMap":{"0":{"start":{"line":2,"column":0},"end":{"line":2,"column":44}},"1":{"start":{"line":12,"column":21},"end":{"line":78,"column":1}},"2":{"start":{"line":19,"column":48},"end":{"line":19,"column":59}},"3":{"start":{"line":20,"column":17},"end":{"line":20,"column":41}},"4":{"start":{"line":21,"column":24},"end":{"line":21,"column":44}},"5":{"start":{"line":22,"column":27},"end":{"line":22,"column":82}},"6":{"start":{"line":24,"column":2},"end":{"line":46,"column":27}},"7":{"start":{"line":25,"column":4},"end":{"line":28,"column":5}},"8":{"start":{"line":26,"column":6},"end":{"line":26,"column":35}},"9":{"start":{"line":27,"column":6},"end":{"line":27,"column":13}},"10":{"start":{"line":30,"column":16},"end":{"line":30,"column":17}},"11":{"start":{"line":31,"column":30},"end":{"line":31,"column":34}},"12":{"start":{"line":32,"column":22},"end":{"line":32,"column":32}},"13":{"start":{"line":34,"column":28},"end":{"line":43,"column":5}},"14":{"start":{"line":35,"column":22},"end":{"line":35,"column":44}},"15":{"start":{"line":36,"column":27},"end":{"line":36,"column":87}},"16":{"start":{"line":38,"column":6},"end":{"line":38,"column":39}},"17":{"start":{"line":40,"column":6},"end":{"line":42,"column":7}},"18":{"start":{"line":41,"column":8},"end":{"line":41,"column":47}},"19":{"start":{"line":45,"column":4},"end":{"line":45,"column":43}},"20":{"start":{"line":48,"column":2},"end":{"line":77,"column":4}},"21":{"start":{"line":80,"column":0},"end":{"line":80,"column":28}}},"fnMap":{"0":{"name":"(anonymous_0)","decl":{"start":{"line":12,"column":21},"end":{"line":12,"column":22}},"loc":{"start":{"line":18,"column":24},"end":{"line":78,"column":1}}},"1":{"name":"(anonymous_1)","decl":{"start":{"line":24,"column":12},"end":{"line":24,"column":15}},"loc":{"start":{"line":24,"column":17},"end":{"line":46,"column":3}}},"2":{"name":"(anonymous_2)","decl":{"start":{"line":34,"column":28},"end":{"line":34,"column":31}},"loc":{"start":{"line":34,"column":33},"end":{"line":43,"column":5}}}},"branchMap":{"0":{"loc":{"start":{"line":14,"column":2},"end":{"line":14,"column":12}},"type":"default-arg","locations":[{"start":{"line":14,"column":9},"end":{"line":14,"column":12}}]},"1":{"loc":{"start":{"line":15,"column":2},"end":{"line":15,"column":17}},"type":"default-arg","locations":[{"start":{"line":15,"column":16},"end":{"line":15,"column":17}}]},"2":{"loc":{"start":{"line":16,"column":2},"end":{"line":16,"column":19}},"type":"default-arg","locations":[{"start":{"line":16,"column":10},"end":{"line":16,"column":19}}]},"3":{"loc":{"start":{"line":17,"column":2},"end":{"line":17,"column":17}},"type":"default-arg","locations":[{"start":{"line":17,"column":13},"end":{"line":17,"column":17}}]},"4":{"loc":{"start":{"line":25,"column":4},"end":{"line":28,"column":5}},"type":"if","locations":[{"start":{"line":25,"column":4},"end":{"line":28,"column":5}},{"start":{},"end":{}}]},"5":{"loc":{"start":{"line":40,"column":6},"end":{"line":42,"column":7}},"type":"if","locations":[{"start":{"line":40,"column":6},"end":{"line":42,"column":7}},{"start":{},"end":{}}]}},"s":{"0":2,"1":2,"2":2,"3":2,"4":2,"5":2,"6":2,"7":2,"8":0,"9":0,"10":2,"11":2,"12":2,"13":2,"14":0,"15":0,"16":0,"17":0,"18":0,"19":2,"20":2,"21":2},"f":{"0":2,"1":2,"2":0},"b":{"0":[2],"1":[2],"2":[0],"3":[2],"4":[0,2],"5":[0,0]}}
,"/home/davicho/Documentos/Meta Studio Ad Studio App SPA/src/components/dashboard/StatCard.tsx": {"path":"/home/davicho/Documentos/Meta Studio Ad Studio App SPA/src/components/dashboard/StatCard.tsx","statementMap":{"0":{"start":{"line":16,"column":17},"end":{"line":52,"column":1}},"1":{"start":{"line":24,"column":2},"end":{"line":51,"column":4}},"2":{"start":{"line":54,"column":0},"end":{"line":54,"column":24}}},"fnMap":{"0":{"name":"(anonymous_0)","decl":{"start":{"line":16,"column":17},"end":{"line":16,"column":18}},"loc":{"start":{"line":23,"column":20},"end":{"line":52,"column":1}}}},"branchMap":{"0":{"loc":{"start":{"line":21,"column":2},"end":{"line":21,"column":24}},"type":"default-arg","locations":[{"start":{"line":21,"column":11},"end":{"line":21,"column":24}}]},"1":{"loc":{"start":{"line":22,"column":2},"end":{"line":22,"column":29}},"type":"default-arg","locations":[{"start":{"line":22,"column":14},"end":{"line":22,"column":29}}]},"2":{"loc":{"start":{"line":31,"column":11},"end":{"line":42,"column":null}},"type":"binary-expr","locations":[{"start":{"line":31,"column":11},"end":{"line":31,"column":16}},{"start":{"line":32,"column":12},"end":{"line":41,"column":null}}]},"3":{"loc":{"start":{"line":35,"column":18},"end":{"line":35,"column":null}},"type":"cond-expr","locations":[{"start":{"line":35,"column":37},"end":{"line":35,"column":55}},{"start":{"line":35,"column":58},"end":{"line":35,"column":null}}]},"4":{"loc":{"start":{"line":38,"column":17},"end":{"line":38,"column":45}},"type":"cond-expr","locations":[{"start":{"line":38,"column":36},"end":{"line":38,"column":39}},{"start":{"line":38,"column":42},"end":{"line":38,"column":45}}]}},"s":{"0":6,"1":24,"2":6},"f":{"0":24},"b":{"0":[0],"1":[0],"2":[24,17],"3":[15,2],"4":[15,2]}}
,"/home/davicho/Documentos/Meta Studio Ad Studio App SPA/src/components/ui/card.tsx": {"path":"/home/davicho/Documentos/Meta Studio Ad Studio App SPA/src/components/ui/card.tsx","statementMap":{"0":{"start":{"line":1,"column":0},"end":{"line":1,"column":30}},"1":{"start":{"line":3,"column":0},"end":{"line":3,"column":32}},"2":{"start":{"line":5,"column":13},"end":{"line":17,"column":2}},"3":{"start":{"line":9,"column":2},"end":{"line":15,"column":null}},"4":{"start":{"line":79,"column":9},"end":{"line":79,"column":13}},"5":{"start":{"line":18,"column":0},"end":{"line":18,"column":null}},"6":{"start":{"line":20,"column":19},"end":{"line":29,"column":2}},"7":{"start":{"line":24,"column":2},"end":{"line":27,"column":null}},"8":{"start":{"line":79,"column":15},"end":{"line":79,"column":25}},"9":{"start":{"line":30,"column":0},"end":{"line":30,"column":null}},"10":{"start":{"line":32,"column":18},"end":{"line":44,"column":2}},"11":{"start":{"line":36,"column":2},"end":{"line":42,"column":null}},"12":{"start":{"line":79,"column":39},"end":{"line":79,"column":48}},"13":{"start":{"line":45,"column":0},"end":{"line":45,"column":null}},"14":{"start":{"line":47,"column":24},"end":{"line":56,"column":2}},"15":{"start":{"line":51,"column":2},"end":{"line":54,"column":null}},"16":{"start":{"line":79,"column":50},"end":{"line":79,"column":65}},"17":{"start":{"line":57,"column":0},"end":{"line":57,"column":null}},"18":{"start":{"line":59,"column":20},"end":{"line":64,"column":2}},"19":{"start":{"line":63,"column":2},"end":{"line":63,"column":68}},"20":{"start":{"line":79,"column":67},"end":{"line":79,"column":78}},"21":{"start":{"line":65,"column":0},"end":{"line":65,"column":null}},"22":{"start":{"line":67,"column":19},"end":{"line":76,"column":2}},"23":{"start":{"line":71,"column":2},"end":{"line":74,"column":null}},"24":{"start":{"line":79,"column":27},"end":{"line":79,"column":37}},"25":{"start":{"line":77,"column":0},"end":{"line":77,"column":null}}},"fnMap":{"0":{"name":"(anonymous_0)","decl":{"start":{"line":8,"column":2},"end":{"line":8,"column":3}},"loc":{"start":{"line":9,"column":2},"end":{"line":15,"column":null}}},"1":{"name":"(anonymous_1)","decl":{"start":{"line":23,"column":2},"end":{"line":23,"column":3}},"loc":{"start":{"line":24,"column":2},"end":{"line":27,"column":null}}},"2":{"name":"(anonymous_2)","decl":{"start":{"line":35,"column":2},"end":{"line":35,"column":3}},"loc":{"start":{"line":36,"column":2},"end":{"line":42,"column":null}}},"3":{"name":"(anonymous_3)","decl":{"start":{"line":50,"column":2},"end":{"line":50,"column":3}},"loc":{"start":{"line":51,"column":2},"end":{"line":54,"column":null}}},"4":{"name":"(anonymous_4)","decl":{"start":{"line":62,"column":2},"end":{"line":62,"column":3}},"loc":{"start":{"line":63,"column":2},"end":{"line":63,"column":68}}},"5":{"name":"(anonymous_5)","decl":{"start":{"line":70,"column":2},"end":{"line":70,"column":3}},"loc":{"start":{"line":71,"column":2},"end":{"line":74,"column":null}}}},"branchMap":{},"s":{"0":1,"1":1,"2":1,"3":3,"4":1,"5":1,"6":1,"7":0,"8":1,"9":1,"10":1,"11":0,"12":1,"13":1,"14":1,"15":0,"16":1,"17":1,"18":1,"19":3,"20":1,"21":1,"22":1,"23":0,"24":1,"25":1},"f":{"0":3,"1":0,"2":0,"3":0,"4":3,"5":0},"b":{}}
,"/home/davicho/Documentos/Meta Studio Ad Studio App SPA/src/components/ui/chart.tsx": {"path":"/home/davicho/Documentos/Meta Studio Ad Studio App SPA/src/components/ui/chart.tsx","statementMap":{"0":{"start":{"line":1,"column":0},"end":{"line":1,"column":30}},"1":{"start":{"line":2,"column":0},"end":{"line":2,"column":45}},"2":{"start":{"line":4,"column":0},"end":{"line":4,"column":32}},"3":{"start":{"line":7,"column":15},"end":{"line":7,"column":52}},"4":{"start":{"line":23,"column":21},"end":{"line":23,"column":72}},"5":{"start":{"line":26,"column":18},"end":{"line":26,"column":48}},"6":{"start":{"line":28,"column":2},"end":{"line":30,"column":3}},"7":{"start":{"line":29,"column":4},"end":{"line":29,"column":null}},"8":{"start":{"line":32,"column":2},"end":{"line":32,"column":null}},"9":{"start":{"line":35,"column":23},"end":{"line":65,"column":2}},"10":{"start":{"line":44,"column":19},"end":{"line":44,"column":32}},"11":{"start":{"line":45,"column":18},"end":{"line":45,"column":61}},"12":{"start":{"line":47,"column":2},"end":{"line":64,"column":null}},"13":{"start":{"line":357,"column":2},"end":{"line":357,"column":16}},"14":{"start":{"line":66,"column":0},"end":{"line":66,"column":null}},"15":{"start":{"line":68,"column":19},"end":{"line":99,"column":1}},"16":{"start":{"line":69,"column":22},"end":{"line":70,"column":null}},"17":{"start":{"line":70,"column":21},"end":{"line":70,"column":49}},"18":{"start":{"line":73,"column":2},"end":{"line":75,"column":3}},"19":{"start":{"line":74,"column":4},"end":{"line":74,"column":null}},"20":{"start":{"line":77,"column":2},"end":{"line":98,"column":null}},"21":{"start":{"line":82,"column":33},"end":{"line":93,"column":null}},"22":{"start":{"line":87,"column":6},"end":{"line":88,"column":22}},"23":{"start":{"line":89,"column":4},"end":{"line":89,"column":null}},"24":{"start":{"line":362,"column":2},"end":{"line":362,"column":12}},"25":{"start":{"line":101,"column":21},"end":{"line":101,"column":46}},"26":{"start":{"line":358,"column":2},"end":{"line":358,"column":14}},"27":{"start":{"line":103,"column":28},"end":{"line":253,"column":null}},"28":{"start":{"line":132,"column":23},"end":{"line":132,"column":33}},"29":{"start":{"line":134,"column":25},"end":{"line":168,"column":6}},"30":{"start":{"line":135,"column":6},"end":{"line":137,"column":7}},"31":{"start":{"line":136,"column":8},"end":{"line":136,"column":null}},"32":{"start":{"line":139,"column":21},"end":{"line":139,"column":28}},"33":{"start":{"line":140,"column":18},"end":{"line":140,"column":71}},"34":{"start":{"line":141,"column":25},"end":{"line":141,"column":71}},"35":{"start":{"line":143,"column":8},"end":{"line":145,"column":29}},"36":{"start":{"line":147,"column":6},"end":{"line":153,"column":7}},"37":{"start":{"line":148,"column":8},"end":{"line":152,"column":null}},"38":{"start":{"line":155,"column":6},"end":{"line":157,"column":7}},"39":{"start":{"line":156,"column":8},"end":{"line":156,"column":null}},"40":{"start":{"line":159,"column":6},"end":{"line":159,"column":null}},"41":{"start":{"line":170,"column":4},"end":{"line":172,"column":5}},"42":{"start":{"line":171,"column":6},"end":{"line":171,"column":null}},"43":{"start":{"line":174,"column":22},"end":{"line":174,"column":65}},"44":{"start":{"line":176,"column":4},"end":{"line":252,"column":null}},"45":{"start":{"line":187,"column":24},"end":{"line":187,"column":76}},"46":{"start":{"line":188,"column":31},"end":{"line":188,"column":77}},"47":{"start":{"line":189,"column":35},"end":{"line":189,"column":75}},"48":{"start":{"line":191,"column":12},"end":{"line":248,"column":null}},"49":{"start":{"line":359,"column":2},"end":{"line":359,"column":21}},"50":{"start":{"line":255,"column":0},"end":{"line":255,"column":null}},"51":{"start":{"line":257,"column":20},"end":{"line":257,"column":44}},"52":{"start":{"line":360,"column":2},"end":{"line":360,"column":13}},"53":{"start":{"line":259,"column":27},"end":{"line":313,"column":null}},"54":{"start":{"line":271,"column":23},"end":{"line":271,"column":33}},"55":{"start":{"line":273,"column":4},"end":{"line":275,"column":5}},"56":{"start":{"line":274,"column":6},"end":{"line":274,"column":null}},"57":{"start":{"line":277,"column":4},"end":{"line":312,"column":null}},"58":{"start":{"line":287,"column":22},"end":{"line":287,"column":61}},"59":{"start":{"line":288,"column":29},"end":{"line":288,"column":75}},"60":{"start":{"line":290,"column":10},"end":{"line":309,"column":null}},"61":{"start":{"line":361,"column":2},"end":{"line":361,"column":20}},"62":{"start":{"line":315,"column":0},"end":{"line":315,"column":null}},"63":{"start":{"line":323,"column":2},"end":{"line":325,"column":3}},"64":{"start":{"line":324,"column":4},"end":{"line":324,"column":null}},"65":{"start":{"line":328,"column":4},"end":{"line":332,"column":17}},"66":{"start":{"line":334,"column":31},"end":{"line":334,"column":34}},"67":{"start":{"line":336,"column":2},"end":{"line":349,"column":3}},"68":{"start":{"line":340,"column":4},"end":{"line":340,"column":null}},"69":{"start":{"line":341,"column":9},"end":{"line":349,"column":3}},"70":{"start":{"line":346,"column":4},"end":{"line":348,"column":null}},"71":{"start":{"line":351,"column":2},"end":{"line":353,"column":null}}},"fnMap":{"0":{"name":"useChart","decl":{"start":{"line":25,"column":9},"end":{"line":25,"column":17}},"loc":{"start":{"line":25,"column":17},"end":{"line":33,"column":1}}},"1":{"name":"(anonymous_1)","decl":{"start":{"line":43,"column":2},"end":{"line":43,"column":3}},"loc":{"start":{"line":43,"column":57},"end":{"line":65,"column":1}}},"2":{"name":"(anonymous_2)","decl":{"start":{"line":68,"column":19},"end":{"line":68,"column":20}},"loc":{"start":{"line":68,"column":75},"end":{"line":99,"column":1}}},"3":{"name":"(anonymous_3)","decl":{"start":{"line":70,"column":4},"end":{"line":70,"column":5}},"loc":{"start":{"line":70,"column":21},"end":{"line":70,"column":49}}},"4":{"name":"(anonymous_4)","decl":{"start":{"line":82,"column":12},"end":{"line":82,"column":13}},"loc":{"start":{"line":82,"column":33},"end":{"line":93,"column":null}}},"5":{"name":"(anonymous_5)","decl":{"start":{"line":85,"column":7},"end":{"line":85,"column":8}},"loc":{"start":{"line":85,"column":29},"end":{"line":90,"column":3}}},"6":{"name":"(anonymous_6)","decl":{"start":{"line":114,"column":2},"end":{"line":114,"column":null}},"loc":{"start":{"line":131,"column":6},"end":{"line":253,"column":3}}},"7":{"name":"(anonymous_7)","decl":{"start":{"line":134,"column":39},"end":{"line":134,"column":42}},"loc":{"start":{"line":134,"column":44},"end":{"line":160,"column":5}}},"8":{"name":"(anonymous_8)","decl":{"start":{"line":186,"column":23},"end":{"line":186,"column":24}},"loc":{"start":{"line":186,"column":39},"end":{"line":249,"column":11}}},"9":{"name":"(anonymous_9)","decl":{"start":{"line":267,"column":2},"end":{"line":267,"column":null}},"loc":{"start":{"line":270,"column":6},"end":{"line":313,"column":3}}},"10":{"name":"(anonymous_10)","decl":{"start":{"line":286,"column":21},"end":{"line":286,"column":22}},"loc":{"start":{"line":286,"column":30},"end":{"line":310,"column":9}}},"11":{"name":"getPayloadConfigFromPayload","decl":{"start":{"line":318,"column":9},"end":{"line":318,"column":36}},"loc":{"start":{"line":321,"column":13},"end":{"line":354,"column":1}}}},"branchMap":{"0":{"loc":{"start":{"line":28,"column":2},"end":{"line":30,"column":3}},"type":"if","locations":[{"start":{"line":28,"column":2},"end":{"line":30,"column":3}},{"start":{},"end":{}}]},"1":{"loc":{"start":{"line":45,"column":27},"end":{"line":45,"column":59}},"type":"binary-expr","locations":[{"start":{"line":45,"column":27},"end":{"line":45,"column":29}},{"start":{"line":45,"column":33},"end":{"line":45,"column":59}}]},"2":{"loc":{"start":{"line":70,"column":21},"end":{"line":70,"column":49}},"type":"binary-expr","locations":[{"start":{"line":70,"column":21},"end":{"line":70,"column":33}},{"start":{"line":70,"column":37},"end":{"line":70,"column":49}}]},"3":{"loc":{"start":{"line":73,"column":2},"end":{"line":75,"column":3}},"type":"if","locations":[{"start":{"line":73,"column":2},"end":{"line":75,"column":3}},{"start":{},"end":{}}]},"4":{"loc":{"start":{"line":87,"column":6},"end":{"line":88,"column":22}},"type":"binary-expr","locations":[{"start":{"line":87,"column":6},"end":{"line":87,"column":64}},{"start":{"line":88,"column":6},"end":{"line":88,"column":22}}]},"5":{"loc":{"start":{"line":89,"column":11},"end":{"line":89,"column":55}},"type":"cond-expr","locations":[{"start":{"line":89,"column":19},"end":{"line":89,"column":48}},{"start":{"line":89,"column":51},"end":{"line":89,"column":55}}]},"6":{"loc":{"start":{"line":119,"column":6},"end":{"line":119,"column":23}},"type":"default-arg","locations":[{"start":{"line":119,"column":18},"end":{"line":119,"column":23}}]},"7":{"loc":{"start":{"line":120,"column":6},"end":{"line":120,"column":23}},"type":"default-arg","locations":[{"start":{"line":120,"column":18},"end":{"line":120,"column":23}}]},"8":{"loc":{"start":{"line":121,"column":6},"end":{"line":121,"column":27}},"type":"default-arg","locations":[{"start":{"line":121,"column":22},"end":{"line":121,"column":27}}]},"9":{"loc":{"start":{"line":135,"column":6},"end":{"line":137,"column":7}},"type":"if","locations":[{"start":{"line":135,"column":6},"end":{"line":137,"column":7}},{"start":{},"end":{}}]},"10":{"loc":{"start":{"line":135,"column":10},"end":{"line":135,"column":39}},"type":"binary-expr","locations":[{"start":{"line":135,"column":10},"end":{"line":135,"column":19}},{"start":{"line":135,"column":23},"end":{"line":135,"column":39}}]},"11":{"loc":{"start":{"line":140,"column":21},"end":{"line":140,"column":69}},"type":"binary-expr","locations":[{"start":{"line":140,"column":21},"end":{"line":140,"column":29}},{"start":{"line":140,"column":33},"end":{"line":140,"column":45}},{"start":{"line":140,"column":49},"end":{"line":140,"column":58}},{"start":{"line":140,"column":62},"end":{"line":140,"column":69}}]},"12":{"loc":{"start":{"line":143,"column":8},"end":{"line":145,"column":29}},"type":"cond-expr","locations":[{"start":{"line":144,"column":12},"end":{"line":144,"column":64}},{"start":{"line":145,"column":12},"end":{"line":145,"column":29}}]},"13":{"loc":{"start":{"line":143,"column":8},"end":{"line":143,"column":46}},"type":"binary-expr","locations":[{"start":{"line":143,"column":8},"end":{"line":143,"column":17}},{"start":{"line":143,"column":21},"end":{"line":143,"column":46}}]},"14":{"loc":{"start":{"line":144,"column":12},"end":{"line":144,"column":64}},"type":"binary-expr","locations":[{"start":{"line":144,"column":12},"end":{"line":144,"column":55}},{"start":{"line":144,"column":59},"end":{"line":144,"column":64}}]},"15":{"loc":{"start":{"line":147,"column":6},"end":{"line":153,"column":7}},"type":"if","locations":[{"start":{"line":147,"column":6},"end":{"line":153,"column":7}},{"start":{},"end":{}}]},"16":{"loc":{"start":{"line":155,"column":6},"end":{"line":157,"column":7}},"type":"if","locations":[{"start":{"line":155,"column":6},"end":{"line":157,"column":7}},{"start":{},"end":{}}]},"17":{"loc":{"start":{"line":170,"column":4},"end":{"line":172,"column":5}},"type":"if","locations":[{"start":{"line":170,"column":4},"end":{"line":172,"column":5}},{"start":{},"end":{}}]},"18":{"loc":{"start":{"line":170,"column":8},"end":{"line":170,"column":35}},"type":"binary-expr","locations":[{"start":{"line":170,"column":8},"end":{"line":170,"column":15}},{"start":{"line":170,"column":19},"end":{"line":170,"column":35}}]},"19":{"loc":{"start":{"line":174,"column":22},"end":{"line":174,"column":65}},"type":"binary-expr","locations":[{"start":{"line":174,"column":22},"end":{"line":174,"column":42}},{"start":{"line":174,"column":46},"end":{"line":174,"column":65}}]},"20":{"loc":{"start":{"line":184,"column":9},"end":{"line":184,"column":41}},"type":"cond-expr","locations":[{"start":{"line":184,"column":22},"end":{"line":184,"column":34}},{"start":{"line":184,"column":37},"end":{"line":184,"column":41}}]},"21":{"loc":{"start":{"line":187,"column":27},"end":{"line":187,"column":74}},"type":"binary-expr","locations":[{"start":{"line":187,"column":27},"end":{"line":187,"column":34}},{"start":{"line":187,"column":38},"end":{"line":187,"column":47}},{"start":{"line":187,"column":51},"end":{"line":187,"column":63}},{"start":{"line":187,"column":67},"end":{"line":187,"column":74}}]},"22":{"loc":{"start":{"line":189,"column":35},"end":{"line":189,"column":75}},"type":"binary-expr","locations":[{"start":{"line":189,"column":35},"end":{"line":189,"column":40}},{"start":{"line":189,"column":44},"end":{"line":189,"column":61}},{"start":{"line":189,"column":65},"end":{"line":189,"column":75}}]},"23":{"loc":{"start":{"line":196,"column":18},"end":{"line":196,"column":55}},"type":"binary-expr","locations":[{"start":{"line":196,"column":18},"end":{"line":196,"column":37}},{"start":{"line":196,"column":41},"end":{"line":196,"column":55}}]},"24":{"loc":{"start":{"line":199,"column":17},"end":{"line":245,"column":null}},"type":"cond-expr","locations":[{"start":{"line":200,"column":18},"end":{"line":200,"column":77}},{"start":{"line":202,"column":18},"end":{"line":244,"column":null}}]},"25":{"loc":{"start":{"line":199,"column":17},"end":{"line":199,"column":68}},"type":"binary-expr","locations":[{"start":{"line":199,"column":17},"end":{"line":199,"column":26}},{"start":{"line":199,"column":30},"end":{"line":199,"column":55}},{"start":{"line":199,"column":59},"end":{"line":199,"column":68}}]},"26":{"loc":{"start":{"line":203,"column":21},"end":{"line":225,"column":null}},"type":"cond-expr","locations":[{"start":{"line":204,"column":22},"end":{"line":204,"column":41}},{"start":{"line":206,"column":22},"end":{"line":224,"column":null}}]},"27":{"loc":{"start":{"line":206,"column":22},"end":{"line":224,"column":null}},"type":"binary-expr","locations":[{"start":{"line":206,"column":22},"end":{"line":206,"column":36}},{"start":{"line":207,"column":24},"end":{"line":222,"column":null}}]},"28":{"loc":{"start":{"line":215,"column":40},"end":{"line":215,"column":75}},"type":"binary-expr","locations":[{"start":{"line":215,"column":40},"end":{"line":215,"column":49}},{"start":{"line":215,"column":53},"end":{"line":215,"column":75}}]},"29":{"loc":{"start":{"line":230,"column":24},"end":{"line":230,"column":64}},"type":"cond-expr","locations":[{"start":{"line":230,"column":36},"end":{"line":230,"column":47}},{"start":{"line":230,"column":50},"end":{"line":230,"column":64}}]},"30":{"loc":{"start":{"line":234,"column":25},"end":{"line":234,"column":56}},"type":"cond-expr","locations":[{"start":{"line":234,"column":37},"end":{"line":234,"column":49}},{"start":{"line":234,"column":52},"end":{"line":234,"column":56}}]},"31":{"loc":{"start":{"line":236,"column":27},"end":{"line":236,"column":57}},"type":"binary-expr","locations":[{"start":{"line":236,"column":27},"end":{"line":236,"column":44}},{"start":{"line":236,"column":48},"end":{"line":236,"column":57}}]},"32":{"loc":{"start":{"line":239,"column":23},"end":{"line":242,"column":null}},"type":"binary-expr","locations":[{"start":{"line":239,"column":23},"end":{"line":239,"column":33}},{"start":{"line":240,"column":24},"end":{"line":241,"column":null}}]},"33":{"loc":{"start":{"line":268,"column":17},"end":{"line":268,"column":33}},"type":"default-arg","locations":[{"start":{"line":268,"column":28},"end":{"line":268,"column":33}}]},"34":{"loc":{"start":{"line":268,"column":44},"end":{"line":268,"column":68}},"type":"default-arg","locations":[{"start":{"line":268,"column":60},"end":{"line":268,"column":68}}]},"35":{"loc":{"start":{"line":273,"column":4},"end":{"line":275,"column":5}},"type":"if","locations":[{"start":{"line":273,"column":4},"end":{"line":275,"column":5}},{"start":{},"end":{}}]},"36":{"loc":{"start":{"line":282,"column":10},"end":{"line":282,"column":51}},"type":"cond-expr","locations":[{"start":{"line":282,"column":36},"end":{"line":282,"column":42}},{"start":{"line":282,"column":45},"end":{"line":282,"column":51}}]},"37":{"loc":{"start":{"line":287,"column":25},"end":{"line":287,"column":59}},"type":"binary-expr","locations":[{"start":{"line":287,"column":25},"end":{"line":287,"column":32}},{"start":{"line":287,"column":36},"end":{"line":287,"column":48}},{"start":{"line":287,"column":52},"end":{"line":287,"column":59}}]},"38":{"loc":{"start":{"line":297,"column":15},"end":{"line":305,"column":null}},"type":"cond-expr","locations":[{"start":{"line":298,"column":16},"end":{"line":298,"column":35}},{"start":{"line":300,"column":16},"end":{"line":304,"column":null}}]},"39":{"loc":{"start":{"line":297,"column":15},"end":{"line":297,"column":44}},"type":"binary-expr","locations":[{"start":{"line":297,"column":15},"end":{"line":297,"column":31}},{"start":{"line":297,"column":35},"end":{"line":297,"column":44}}]},"40":{"loc":{"start":{"line":323,"column":2},"end":{"line":325,"column":3}},"type":"if","locations":[{"start":{"line":323,"column":2},"end":{"line":325,"column":3}},{"start":{},"end":{}}]},"41":{"loc":{"start":{"line":323,"column":6},"end":{"line":323,"column":53}},"type":"binary-expr","locations":[{"start":{"line":323,"column":6},"end":{"line":323,"column":33}},{"start":{"line":323,"column":37},"end":{"line":323,"column":53}}]},"42":{"loc":{"start":{"line":328,"column":4},"end":{"line":332,"column":17}},"type":"cond-expr","locations":[{"start":{"line":331,"column":8},"end":{"line":331,"column":23}},{"start":{"line":332,"column":8},"end":{"line":332,"column":17}}]},"43":{"loc":{"start":{"line":328,"column":4},"end":{"line":330,"column":28}},"type":"binary-expr","locations":[{"start":{"line":328,"column":4},"end":{"line":328,"column":24}},{"start":{"line":329,"column":4},"end":{"line":329,"column":39}},{"start":{"line":330,"column":4},"end":{"line":330,"column":28}}]},"44":{"loc":{"start":{"line":336,"column":2},"end":{"line":349,"column":3}},"type":"if","locations":[{"start":{"line":336,"column":2},"end":{"line":349,"column":3}},{"start":{"line":341,"column":9},"end":{"line":349,"column":3}}]},"45":{"loc":{"start":{"line":337,"column":4},"end":{"line":338,"column":60}},"type":"binary-expr","locations":[{"start":{"line":337,"column":4},"end":{"line":337,"column":18}},{"start":{"line":338,"column":4},"end":{"line":338,"column":60}}]},"46":{"loc":{"start":{"line":341,"column":9},"end":{"line":349,"column":3}},"type":"if","locations":[{"start":{"line":341,"column":9},"end":{"line":349,"column":3}},{"start":{},"end":{}}]},"47":{"loc":{"start":{"line":342,"column":4},"end":{"line":344,"column":74}},"type":"binary-expr","locations":[{"start":{"line":342,"column":4},"end":{"line":342,"column":18}},{"start":{"line":343,"column":4},"end":{"line":343,"column":25}},{"start":{"line":344,"column":4},"end":{"line":344,"column":74}}]},"48":{"loc":{"start":{"line":351,"column":9},"end":{"line":353,"column":40}},"type":"cond-expr","locations":[{"start":{"line":352,"column":6},"end":{"line":352,"column":28}},{"start":{"line":353,"column":6},"end":{"line":353,"column":40}}]}},"s":{"0":1,"1":1,"2":1,"3":1,"4":1,"5":0,"6":0,"7":0,"8":0,"9":1,"10":3,"11":3,"12":3,"13":1,"14":1,"15":1,"16":3,"17":9,"18":3,"19":0,"20":3,"21":6,"22":18,"23":18,"24":1,"25":1,"26":1,"27":1,"28":0,"29":0,"30":0,"31":0,"32":0,"33":0,"34":0,"35":0,"36":0,"37":0,"38":0,"39":0,"40":0,"41":0,"42":0,"43":0,"44":0,"45":0,"46":0,"47":0,"48":0,"49":1,"50":1,"51":1,"52":1,"53":1,"54":0,"55":0,"56":0,"57":0,"58":0,"59":0,"60":0,"61":1,"62":1,"63":0,"64":0,"65":0,"66":0,"67":0,"68":0,"69":0,"70":0,"71":0},"f":{"0":0,"1":3,"2":3,"3":9,"4":6,"5":18,"6":0,"7":0,"8":0,"9":0,"10":0,"11":0},"b":{"0":[0,0],"1":[3,3],"2":[9,0],"3":[0,3],"4":[18,0],"5":[18,0],"6":[0],"7":[0],"8":[0],"9":[0,0],"10":[0,0],"11":[0,0,0,0],"12":[0,0],"13":[0,0],"14":[0,0],"15":[0,0],"16":[0,0],"17":[0,0],"18":[0,0],"19":[0,0],"20":[0,0],"21":[0,0,0,0],"22":[0,0,0],"23":[0,0],"24":[0,0],"25":[0,0,0],"26":[0,0],"27":[0,0],"28":[0,0],"29":[0,0],"30":[0,0],"31":[0,0],"32":[0,0],"33":[0],"34":[0],"35":[0,0],"36":[0,0],"37":[0,0,0],"38":[0,0],"39":[0,0],"40":[0,0],"41":[0,0],"42":[0,0],"43":[0,0,0],"44":[0,0],"45":[0,0],"46":[0,0],"47":[0,0,0],"48":[0,0]}}
,"/home/davicho/Documentos/Meta Studio Ad Studio App SPA/src/components/ui/table.tsx": {"path":"/home/davicho/Documentos/Meta Studio Ad Studio App SPA/src/components/ui/table.tsx","statementMap":{"0":{"start":{"line":1,"column":0},"end":{"line":1,"column":30}},"1":{"start":{"line":3,"column":0},"end":{"line":3,"column":32}},"2":{"start":{"line":5,"column":14},"end":{"line":16,"column":2}},"3":{"start":{"line":9,"column":2},"end":{"line":14,"column":null}},"4":{"start":{"line":109,"column":2},"end":{"line":109,"column":7}},"5":{"start":{"line":17,"column":0},"end":{"line":17,"column":null}},"6":{"start":{"line":19,"column":20},"end":{"line":24,"column":2}},"7":{"start":{"line":23,"column":2},"end":{"line":23,"column":77}},"8":{"start":{"line":110,"column":2},"end":{"line":110,"column":13}},"9":{"start":{"line":25,"column":0},"end":{"line":25,"column":null}},"10":{"start":{"line":27,"column":18},"end":{"line":36,"column":2}},"11":{"start":{"line":31,"column":2},"end":{"line":34,"column":null}},"12":{"start":{"line":111,"column":2},"end":{"line":111,"column":11}},"13":{"start":{"line":37,"column":0},"end":{"line":37,"column":null}},"14":{"start":{"line":39,"column":20},"end":{"line":51,"column":2}},"15":{"start":{"line":43,"column":2},"end":{"line":49,"column":null}},"16":{"start":{"line":112,"column":2},"end":{"line":112,"column":13}},"17":{"start":{"line":52,"column":0},"end":{"line":52,"column":null}},"18":{"start":{"line":54,"column":17},"end":{"line":66,"column":2}},"19":{"start":{"line":58,"column":2},"end":{"line":64,"column":null}},"20":{"start":{"line":114,"column":2},"end":{"line":114,"column":10}},"21":{"start":{"line":67,"column":0},"end":{"line":67,"column":null}},"22":{"start":{"line":69,"column":18},"end":{"line":81,"column":2}},"23":{"start":{"line":73,"column":2},"end":{"line":79,"column":null}},"24":{"start":{"line":113,"column":2},"end":{"line":113,"column":11}},"25":{"start":{"line":82,"column":0},"end":{"line":82,"column":null}},"26":{"start":{"line":84,"column":18},"end":{"line":93,"column":2}},"27":{"start":{"line":88,"column":2},"end":{"line":91,"column":null}},"28":{"start":{"line":115,"column":2},"end":{"line":115,"column":11}},"29":{"start":{"line":94,"column":0},"end":{"line":94,"column":null}},"30":{"start":{"line":96,"column":21},"end":{"line":105,"column":2}},"31":{"start":{"line":100,"column":2},"end":{"line":103,"column":null}},"32":{"start":{"line":116,"column":2},"end":{"line":116,"column":14}},"33":{"start":{"line":106,"column":0},"end":{"line":106,"column":null}}},"fnMap":{"0":{"name":"(anonymous_0)","decl":{"start":{"line":8,"column":2},"end":{"line":8,"column":3}},"loc":{"start":{"line":9,"column":2},"end":{"line":14,"column":null}}},"1":{"name":"(anonymous_1)","decl":{"start":{"line":22,"column":2},"end":{"line":22,"column":3}},"loc":{"start":{"line":23,"column":2},"end":{"line":23,"column":77}}},"2":{"name":"(anonymous_2)","decl":{"start":{"line":30,"column":2},"end":{"line":30,"column":3}},"loc":{"start":{"line":31,"column":2},"end":{"line":34,"column":null}}},"3":{"name":"(anonymous_3)","decl":{"start":{"line":42,"column":2},"end":{"line":42,"column":3}},"loc":{"start":{"line":43,"column":2},"end":{"line":49,"column":null}}},"4":{"name":"(anonymous_4)","decl":{"start":{"line":57,"column":2},"end":{"line":57,"column":3}},"loc":{"start":{"line":58,"column":2},"end":{"line":64,"column":null}}},"5":{"name":"(anonymous_5)","decl":{"start":{"line":72,"column":2},"end":{"line":72,"column":3}},"loc":{"start":{"line":73,"column":2},"end":{"line":79,"column":null}}},"6":{"name":"(anonymous_6)","decl":{"start":{"line":87,"column":2},"end":{"line":87,"column":3}},"loc":{"start":{"line":88,"column":2},"end":{"line":91,"column":null}}},"7":{"name":"(anonymous_7)","decl":{"start":{"line":99,"column":2},"end":{"line":99,"column":3}},"loc":{"start":{"line":100,"column":2},"end":{"line":103,"column":null}}}},"branchMap":{},"s":{"0":1,"1":1,"2":1,"3":1,"4":1,"5":1,"6":1,"7":1,"8":1,"9":1,"10":1,"11":1,"12":1,"13":1,"14":1,"15":0,"16":1,"17":1,"18":1,"19":6,"20":1,"21":1,"22":1,"23":6,"24":1,"25":1,"26":1,"27":30,"28":1,"29":1,"30":1,"31":0,"32":1,"33":1},"f":{"0":1,"1":1,"2":1,"3":0,"4":6,"5":6,"6":30,"7":0},"b":{}}
,"/home/davicho/Documentos/Meta Studio Ad Studio App SPA/src/hooks/use-toast.ts": {"path":"/home/davicho/Documentos/Meta Studio Ad Studio App SPA/src/hooks/use-toast.ts","statementMap":{"0":{"start":{"line":191,"column":9},"end":{"line":191,"column":17}},"1":{"start":{"line":191,"column":19},"end":{"line":191,"column":24}},"2":{"start":{"line":1,"column":0},"end":{"line":1,"column":30}},"3":{"start":{"line":8,"column":20},"end":{"line":8,"column":21}},"4":{"start":{"line":9,"column":27},"end":{"line":9,"column":34}},"5":{"start":{"line":18,"column":20},"end":{"line":23,"column":null}},"6":{"start":{"line":25,"column":12},"end":{"line":25,"column":13}},"7":{"start":{"line":28,"column":2},"end":{"line":28,"column":null}},"8":{"start":{"line":29,"column":2},"end":{"line":29,"column":null}},"9":{"start":{"line":56,"column":22},"end":{"line":56,"column":70}},"10":{"start":{"line":58,"column":25},"end":{"line":72,"column":1}},"11":{"start":{"line":59,"column":2},"end":{"line":61,"column":3}},"12":{"start":{"line":60,"column":4},"end":{"line":60,"column":10}},"13":{"start":{"line":63,"column":18},"end":{"line":69,"column":24}},"14":{"start":{"line":64,"column":4},"end":{"line":64,"column":null}},"15":{"start":{"line":65,"column":4},"end":{"line":68,"column":null}},"16":{"start":{"line":71,"column":2},"end":{"line":71,"column":null}},"17":{"start":{"line":74,"column":23},"end":{"line":127,"column":1}},"18":{"start":{"line":75,"column":2},"end":{"line":126,"column":3}},"19":{"start":{"line":77,"column":6},"end":{"line":80,"column":null}},"20":{"start":{"line":83,"column":6},"end":{"line":88,"column":null}},"21":{"start":{"line":86,"column":10},"end":{"line":86,"column":66}},"22":{"start":{"line":91,"column":26},"end":{"line":91,"column":32}},"23":{"start":{"line":95,"column":6},"end":{"line":101,"column":7}},"24":{"start":{"line":96,"column":8},"end":{"line":96,"column":null}},"25":{"start":{"line":98,"column":8},"end":{"line":100,"column":null}},"26":{"start":{"line":99,"column":10},"end":{"line":99,"column":null}},"27":{"start":{"line":103,"column":6},"end":{"line":113,"column":null}},"28":{"start":{"line":106,"column":10},"end":{"line":111,"column":15}},"29":{"start":{"line":116,"column":6},"end":{"line":121,"column":7}},"30":{"start":{"line":117,"column":8},"end":{"line":120,"column":null}},"31":{"start":{"line":122,"column":6},"end":{"line":125,"column":null}},"32":{"start":{"line":124,"column":43},"end":{"line":124,"column":66}},"33":{"start":{"line":74,"column":13},"end":{"line":74,"column":23}},"34":{"start":{"line":129,"column":49},"end":{"line":129,"column":51}},"35":{"start":{"line":131,"column":25},"end":{"line":131,"column":39}},"36":{"start":{"line":134,"column":2},"end":{"line":134,"column":null}},"37":{"start":{"line":135,"column":2},"end":{"line":137,"column":null}},"38":{"start":{"line":136,"column":4},"end":{"line":136,"column":null}},"39":{"start":{"line":143,"column":13},"end":{"line":143,"column":20}},"40":{"start":{"line":145,"column":17},"end":{"line":149,"column":6}},"41":{"start":{"line":146,"column":4},"end":{"line":149,"column":6}},"42":{"start":{"line":150,"column":18},"end":{"line":150,"column":72}},"43":{"start":{"line":150,"column":24},"end":{"line":150,"column":72}},"44":{"start":{"line":152,"column":2},"end":{"line":162,"column":null}},"45":{"start":{"line":159,"column":8},"end":{"line":159,"column":null}},"46":{"start":{"line":159,"column":19},"end":{"line":159,"column":null}},"47":{"start":{"line":164,"column":2},"end":{"line":168,"column":null}},"48":{"start":{"line":172,"column":28},"end":{"line":172,"column":62}},"49":{"start":{"line":174,"column":2},"end":{"line":182,"column":null}},"50":{"start":{"line":175,"column":4},"end":{"line":175,"column":null}},"51":{"start":{"line":176,"column":4},"end":{"line":181,"column":null}},"52":{"start":{"line":177,"column":20},"end":{"line":177,"column":47}},"53":{"start":{"line":178,"column":6},"end":{"line":180,"column":7}},"54":{"start":{"line":179,"column":8},"end":{"line":179,"column":null}},"55":{"start":{"line":184,"column":2},"end":{"line":188,"column":null}},"56":{"start":{"line":187,"column":35},"end":{"line":187,"column":79}}},"fnMap":{"0":{"name":"genId","decl":{"start":{"line":27,"column":9},"end":{"line":27,"column":14}},"loc":{"start":{"line":27,"column":14},"end":{"line":30,"column":1}}},"1":{"name":"(anonymous_1)","decl":{"start":{"line":58,"column":25},"end":{"line":58,"column":26}},"loc":{"start":{"line":58,"column":45},"end":{"line":72,"column":1}}},"2":{"name":"(anonymous_2)","decl":{"start":{"line":63,"column":29},"end":{"line":63,"column":32}},"loc":{"start":{"line":63,"column":34},"end":{"line":69,"column":3}}},"3":{"name":"(anonymous_3)","decl":{"start":{"line":74,"column":23},"end":{"line":74,"column":24}},"loc":{"start":{"line":74,"column":63},"end":{"line":127,"column":1}}},"4":{"name":"(anonymous_4)","decl":{"start":{"line":85,"column":33},"end":{"line":85,"column":34}},"loc":{"start":{"line":86,"column":10},"end":{"line":86,"column":66}}},"5":{"name":"(anonymous_5)","decl":{"start":{"line":98,"column":29},"end":{"line":98,"column":30}},"loc":{"start":{"line":98,"column":39},"end":{"line":100,"column":9}}},"6":{"name":"(anonymous_6)","decl":{"start":{"line":105,"column":33},"end":{"line":105,"column":34}},"loc":{"start":{"line":106,"column":10},"end":{"line":111,"column":15}}},"7":{"name":"(anonymous_7)","decl":{"start":{"line":124,"column":36},"end":{"line":124,"column":37}},"loc":{"start":{"line":124,"column":43},"end":{"line":124,"column":66}}},"8":{"name":"dispatch","decl":{"start":{"line":133,"column":9},"end":{"line":133,"column":17}},"loc":{"start":{"line":133,"column":32},"end":{"line":138,"column":1}}},"9":{"name":"(anonymous_9)","decl":{"start":{"line":135,"column":20},"end":{"line":135,"column":21}},"loc":{"start":{"line":135,"column":33},"end":{"line":137,"column":3}}},"10":{"name":"toast","decl":{"start":{"line":142,"column":9},"end":{"line":142,"column":14}},"loc":{"start":{"line":142,"column":34},"end":{"line":169,"column":1}}},"11":{"name":"(anonymous_11)","decl":{"start":{"line":145,"column":17},"end":{"line":145,"column":18}},"loc":{"start":{"line":146,"column":4},"end":{"line":149,"column":6}}},"12":{"name":"(anonymous_12)","decl":{"start":{"line":150,"column":18},"end":{"line":150,"column":21}},"loc":{"start":{"line":150,"column":24},"end":{"line":150,"column":72}}},"13":{"name":"(anonymous_13)","decl":{"start":{"line":158,"column":20},"end":{"line":158,"column":21}},"loc":{"start":{"line":158,"column":29},"end":{"line":160,"column":7}}},"14":{"name":"useToast","decl":{"start":{"line":171,"column":9},"end":{"line":171,"column":17}},"loc":{"start":{"line":171,"column":17},"end":{"line":189,"column":1}}},"15":{"name":"(anonymous_15)","decl":{"start":{"line":174,"column":18},"end":{"line":174,"column":21}},"loc":{"start":{"line":174,"column":23},"end":{"line":182,"column":3}}},"16":{"name":"(anonymous_16)","decl":{"start":{"line":176,"column":11},"end":{"line":176,"column":14}},"loc":{"start":{"line":176,"column":16},"end":{"line":181,"column":5}}},"17":{"name":"(anonymous_17)","decl":{"start":{"line":187,"column":13},"end":{"line":187,"column":14}},"loc":{"start":{"line":187,"column":35},"end":{"line":187,"column":79}}}},"branchMap":{"0":{"loc":{"start":{"line":59,"column":2},"end":{"line":61,"column":3}},"type":"if","locations":[{"start":{"line":59,"column":2},"end":{"line":61,"column":3}},{"start":{},"end":{}}]},"1":{"loc":{"start":{"line":75,"column":2},"end":{"line":126,"column":3}},"type":"switch","locations":[{"start":{"line":76,"column":4},"end":{"line":80,"column":null}},{"start":{"line":82,"column":4},"end":{"line":88,"column":null}},{"start":{"line":90,"column":4},"end":{"line":114,"column":5}},{"start":{"line":115,"column":4},"end":{"line":125,"column":null}}]},"2":{"loc":{"start":{"line":86,"column":10},"end":{"line":86,"column":66}},"type":"cond-expr","locations":[{"start":{"line":86,"column":37},"end":{"line":86,"column":62}},{"start":{"line":86,"column":65},"end":{"line":86,"column":66}}]},"3":{"loc":{"start":{"line":95,"column":6},"end":{"line":101,"column":7}},"type":"if","locations":[{"start":{"line":95,"column":6},"end":{"line":101,"column":7}},{"start":{"line":97,"column":13},"end":{"line":101,"column":7}}]},"4":{"loc":{"start":{"line":106,"column":10},"end":{"line":111,"column":15}},"type":"cond-expr","locations":[{"start":{"line":107,"column":14},"end":{"line":110,"column":null}},{"start":{"line":111,"column":14},"end":{"line":111,"column":15}}]},"5":{"loc":{"start":{"line":106,"column":10},"end":{"line":106,"column":51}},"type":"binary-expr","locations":[{"start":{"line":106,"column":10},"end":{"line":106,"column":26}},{"start":{"line":106,"column":30},"end":{"line":106,"column":51}}]},"6":{"loc":{"start":{"line":116,"column":6},"end":{"line":121,"column":7}},"type":"if","locations":[{"start":{"line":116,"column":6},"end":{"line":121,"column":7}},{"start":{},"end":{}}]},"7":{"loc":{"start":{"line":159,"column":8},"end":{"line":159,"column":null}},"type":"if","locations":[{"start":{"line":159,"column":8},"end":{"line":159,"column":null}},{"start":{},"end":{}}]},"8":{"loc":{"start":{"line":178,"column":6},"end":{"line":180,"column":7}},"type":"if","locations":[{"start":{"line":178,"column":6},"end":{"line":180,"column":7}},{"start":{},"end":{}}]}},"s":{"0":6,"1":6,"2":6,"3":6,"4":6,"5":6,"6":6,"7":1,"8":1,"9":6,"10":6,"11":0,"12":0,"13":0,"14":0,"15":0,"16":0,"17":6,"18":1,"19":1,"20":0,"21":0,"22":0,"23":0,"24":0,"25":0,"26":0,"27":0,"28":0,"29":0,"30":0,"31":0,"32":0,"33":6,"34":6,"35":6,"36":1,"37":1,"38":1,"39":1,"40":1,"41":0,"42":1,"43":0,"44":1,"45":0,"46":0,"47":1,"48":28,"49":28,"50":28,"51":28,"52":28,"53":28,"54":28,"55":28,"56":0},"f":{"0":1,"1":0,"2":0,"3":1,"4":0,"5":0,"6":0,"7":0,"8":1,"9":1,"10":1,"11":0,"12":0,"13":0,"14":28,"15":28,"16":28,"17":0},"b":{"0":[0,0],"1":[1,0,0,0],"2":[0,0],"3":[0,0],"4":[0,0],"5":[0,0],"6":[0,0],"7":[0,0],"8":[28,0]}}
,"/home/davicho/Documentos/Meta Studio Ad Studio App SPA/src/lib/sdlc-data.ts": {"path":"/home/davicho/Documentos/Meta Studio Ad Studio App SPA/src/lib/sdlc-data.ts","statementMap":{"0":{"start":{"line":1,"column":27},"end":{"line":53,"column":2}},"1":{"start":{"line":1,"column":34},"end":{"line":53,"column":2}},"2":{"start":{"line":1,"column":13},"end":{"line":1,"column":27}}},"fnMap":{"0":{"name":"(anonymous_0)","decl":{"start":{"line":1,"column":27},"end":{"line":1,"column":30}},"loc":{"start":{"line":1,"column":34},"end":{"line":53,"column":2}}}},"branchMap":{},"s":{"0":1,"1":1,"2":1},"f":{"0":1},"b":{}}
,"/home/davicho/Documentos/Meta Studio Ad Studio App SPA/src/lib/utils.ts": {"path":"/home/davicho/Documentos/Meta Studio Ad Studio App SPA/src/lib/utils.ts","statementMap":{"0":{"start":{"line":4,"column":0},"end":{"line":4,"column":16}},"1":{"start":{"line":1,"column":0},"end":{"line":1,"column":44}},"2":{"start":{"line":2,"column":0},"end":{"line":2,"column":40}},"3":{"start":{"line":5,"column":2},"end":{"line":5,"column":null}}},"fnMap":{"0":{"name":"cn","decl":{"start":{"line":4,"column":16},"end":{"line":4,"column":18}},"loc":{"start":{"line":4,"column":42},"end":{"line":6,"column":1}}}},"branchMap":{},"s":{"0":1,"1":1,"2":1,"3":54},"f":{"0":54},"b":{}}
,"/home/davicho/Documentos/Meta Studio Ad Studio App SPA/src/pages/Deployment.tsx": {"path":"/home/davicho/Documentos/Meta Studio Ad Studio App SPA/src/pages/Deployment.tsx","statementMap":{"0":{"start":{"line":2,"column":0},"end":{"line":2,"column":82}},"1":{"start":{"line":3,"column":0},"end":{"line":3,"column":62}},"2":{"start":{"line":4,"column":0},"end":{"line":4,"column":56}},"3":{"start":{"line":6,"column":21},"end":{"line":28,"column":2}},"4":{"start":{"line":30,"column":19},"end":{"line":239,"column":1}},"5":{"start":{"line":31,"column":2},"end":{"line":238,"column":4}},"6":{"start":{"line":233,"column":12},"end":{"line":233,"column":46}},"7":{"start":{"line":242,"column":18},"end":{"line":256,"column":null}},"8":{"start":{"line":243,"column":2},"end":{"line":255,"column":null}},"9":{"start":{"line":259,"column":19},"end":{"line":280,"column":null}},"10":{"start":{"line":260,"column":2},"end":{"line":279,"column":null}},"11":{"start":{"line":283,"column":18},"end":{"line":298,"column":null}},"12":{"start":{"line":284,"column":2},"end":{"line":297,"column":null}},"13":{"start":{"line":301,"column":23},"end":{"line":318,"column":null}},"14":{"start":{"line":302,"column":2},"end":{"line":317,"column":null}},"15":{"start":{"line":321,"column":0},"end":{"line":321,"column":26}}},"fnMap":{"0":{"name":"(anonymous_0)","decl":{"start":{"line":30,"column":19},"end":{"line":30,"column":22}},"loc":{"start":{"line":30,"column":24},"end":{"line":239,"column":1}}},"1":{"name":"(anonymous_1)","decl":{"start":{"line":232,"column":28},"end":{"line":232,"column":29}},"loc":{"start":{"line":233,"column":12},"end":{"line":233,"column":46}}},"2":{"name":"(anonymous_2)","decl":{"start":{"line":242,"column":18},"end":{"line":242,"column":19}},"loc":{"start":{"line":243,"column":2},"end":{"line":255,"column":null}}},"3":{"name":"(anonymous_3)","decl":{"start":{"line":259,"column":19},"end":{"line":259,"column":20}},"loc":{"start":{"line":260,"column":2},"end":{"line":279,"column":null}}},"4":{"name":"(anonymous_4)","decl":{"start":{"line":283,"column":18},"end":{"line":283,"column":19}},"loc":{"start":{"line":284,"column":2},"end":{"line":297,"column":null}}},"5":{"name":"(anonymous_5)","decl":{"start":{"line":301,"column":23},"end":{"line":301,"column":24}},"loc":{"start":{"line":302,"column":2},"end":{"line":317,"column":null}}}},"branchMap":{"0":{"loc":{"start":{"line":242,"column":21},"end":{"line":242,"column":30}},"type":"default-arg","locations":[{"start":{"line":242,"column":28},"end":{"line":242,"column":30}}]},"1":{"loc":{"start":{"line":259,"column":22},"end":{"line":259,"column":31}},"type":"default-arg","locations":[{"start":{"line":259,"column":29},"end":{"line":259,"column":31}}]},"2":{"loc":{"start":{"line":283,"column":21},"end":{"line":283,"column":30}},"type":"default-arg","locations":[{"start":{"line":283,"column":28},"end":{"line":283,"column":30}}]},"3":{"loc":{"start":{"line":301,"column":26},"end":{"line":301,"column":35}},"type":"default-arg","locations":[{"start":{"line":301,"column":33},"end":{"line":301,"column":35}}]}},"s":{"0":1,"1":1,"2":1,"3":1,"4":1,"5":1,"6":3,"7":1,"8":2,"9":1,"10":1,"11":1,"12":1,"13":1,"14":1,"15":1},"f":{"0":1,"1":3,"2":2,"3":1,"4":1,"5":1},"b":{"0":[0],"1":[0],"2":[0],"3":[0]}}
,"/home/davicho/Documentos/Meta Studio Ad Studio App SPA/src/pages/Development.tsx": {"path":"/home/davicho/Documentos/Meta Studio Ad Studio App SPA/src/pages/Development.tsx","statementMap":{"0":{"start":{"line":2,"column":0},"end":{"line":2,"column":87}},"1":{"start":{"line":3,"column":0},"end":{"line":3,"column":62}},"2":{"start":{"line":4,"column":0},"end":{"line":4,"column":56}},"3":{"start":{"line":6,"column":18},"end":{"line":28,"column":2}},"4":{"start":{"line":30,"column":23},"end":{"line":45,"column":2}},"5":{"start":{"line":47,"column":22},"end":{"line":76,"column":2}},"6":{"start":{"line":78,"column":27},"end":{"line":91,"column":1}},"7":{"start":{"line":79,"column":2},"end":{"line":90,"column":3}},"8":{"start":{"line":81,"column":6},"end":{"line":81,"column":39}},"9":{"start":{"line":83,"column":6},"end":{"line":83,"column":43}},"10":{"start":{"line":85,"column":6},"end":{"line":85,"column":41}},"11":{"start":{"line":87,"column":6},"end":{"line":87,"column":45}},"12":{"start":{"line":89,"column":6},"end":{"line":89,"column":41}},"13":{"start":{"line":93,"column":20},"end":{"line":253,"column":1}},"14":{"start":{"line":94,"column":2},"end":{"line":252,"column":4}},"15":{"start":{"line":146,"column":12},"end":{"line":146,"column":33}},"16":{"start":{"line":209,"column":14},"end":{"line":209,"column":35}},"17":{"start":{"line":247,"column":12},"end":{"line":247,"column":46}},"18":{"start":{"line":255,"column":0},"end":{"line":255,"column":27}}},"fnMap":{"0":{"name":"(anonymous_0)","decl":{"start":{"line":78,"column":27},"end":{"line":78,"column":28}},"loc":{"start":{"line":78,"column":44},"end":{"line":91,"column":1}}},"1":{"name":"(anonymous_1)","decl":{"start":{"line":93,"column":20},"end":{"line":93,"column":23}},"loc":{"start":{"line":93,"column":25},"end":{"line":253,"column":1}}},"2":{"name":"(anonymous_2)","decl":{"start":{"line":145,"column":30},"end":{"line":145,"column":31}},"loc":{"start":{"line":146,"column":12},"end":{"line":146,"column":33}}},"3":{"name":"(anonymous_3)","decl":{"start":{"line":208,"column":31},"end":{"line":208,"column":32}},"loc":{"start":{"line":209,"column":14},"end":{"line":209,"column":35}}},"4":{"name":"(anonymous_4)","decl":{"start":{"line":246,"column":25},"end":{"line":246,"column":26}},"loc":{"start":{"line":247,"column":12},"end":{"line":247,"column":46}}}},"branchMap":{"0":{"loc":{"start":{"line":79,"column":2},"end":{"line":90,"column":3}},"type":"switch","locations":[{"start":{"line":80,"column":4},"end":{"line":81,"column":39}},{"start":{"line":82,"column":4},"end":{"line":83,"column":43}},{"start":{"line":84,"column":4},"end":{"line":85,"column":41}},{"start":{"line":86,"column":4},"end":{"line":87,"column":45}},{"start":{"line":88,"column":4},"end":{"line":89,"column":41}}]}},"s":{"0":1,"1":1,"2":1,"3":1,"4":1,"5":1,"6":1,"7":4,"8":1,"9":1,"10":1,"11":1,"12":0,"13":1,"14":1,"15":2,"16":4,"17":3,"18":1},"f":{"0":4,"1":1,"2":2,"3":4,"4":3},"b":{"0":[1,1,1,1,0]}}
,"/home/davicho/Documentos/Meta Studio Ad Studio App SPA/src/pages/Implementation.tsx": {"path":"/home/davicho/Documentos/Meta Studio Ad Studio App SPA/src/pages/Implementation.tsx","statementMap":{"0":{"start":{"line":2,"column":0},"end":{"line":2,"column":90}},"1":{"start":{"line":3,"column":0},"end":{"line":3,"column":62}},"2":{"start":{"line":4,"column":0},"end":{"line":4,"column":56}},"3":{"start":{"line":6,"column":19},"end":{"line":28,"column":2}},"4":{"start":{"line":30,"column":20},"end":{"line":52,"column":2}},"5":{"start":{"line":54,"column":26},"end":{"line":76,"column":2}},"6":{"start":{"line":78,"column":21},"end":{"line":83,"column":2}},"7":{"start":{"line":85,"column":23},"end":{"line":300,"column":1}},"8":{"start":{"line":86,"column":2},"end":{"line":299,"column":4}},"9":{"start":{"line":140,"column":14},"end":{"line":140,"column":39}},"10":{"start":{"line":196,"column":14},"end":{"line":196,"column":37}},"11":{"start":{"line":206,"column":22},"end":{"line":207,"column":null}},"12":{"start":{"line":245,"column":16},"end":{"line":245,"column":34}},"13":{"start":{"line":294,"column":12},"end":{"line":294,"column":46}},"14":{"start":{"line":302,"column":0},"end":{"line":302,"column":30}}},"fnMap":{"0":{"name":"(anonymous_0)","decl":{"start":{"line":85,"column":23},"end":{"line":85,"column":26}},"loc":{"start":{"line":85,"column":28},"end":{"line":300,"column":1}}},"1":{"name":"(anonymous_1)","decl":{"start":{"line":139,"column":29},"end":{"line":139,"column":30}},"loc":{"start":{"line":140,"column":14},"end":{"line":140,"column":39}}},"2":{"name":"(anonymous_2)","decl":{"start":{"line":195,"column":35},"end":{"line":195,"column":36}},"loc":{"start":{"line":196,"column":14},"end":{"line":196,"column":37}}},"3":{"name":"(anonymous_3)","decl":{"start":{"line":205,"column":39},"end":{"line":205,"column":40}},"loc":{"start":{"line":206,"column":22},"end":{"line":207,"column":null}}},"4":{"name":"(anonymous_4)","decl":{"start":{"line":244,"column":32},"end":{"line":244,"column":33}},"loc":{"start":{"line":245,"column":16},"end":{"line":245,"column":34}}},"5":{"name":"(anonymous_5)","decl":{"start":{"line":293,"column":26},"end":{"line":293,"column":27}},"loc":{"start":{"line":294,"column":12},"end":{"line":294,"column":46}}}},"branchMap":{"0":{"loc":{"start":{"line":209,"column":26},"end":{"line":209,"column":null}},"type":"cond-expr","locations":[{"start":{"line":209,"column":48},"end":{"line":209,"column":65}},{"start":{"line":209,"column":68},"end":{"line":209,"column":null}}]},"1":{"loc":{"start":{"line":250,"column":22},"end":{"line":252,"column":null}},"type":"cond-expr","locations":[{"start":{"line":250,"column":49},"end":{"line":250,"column":74}},{"start":{"line":251,"column":22},"end":{"line":252,"column":null}}]},"2":{"loc":{"start":{"line":251,"column":22},"end":{"line":252,"column":null}},"type":"cond-expr","locations":[{"start":{"line":251,"column":50},"end":{"line":251,"column":81}},{"start":{"line":252,"column":22},"end":{"line":252,"column":null}}]},"3":{"loc":{"start":{"line":259,"column":22},"end":{"line":261,"column":null}},"type":"cond-expr","locations":[{"start":{"line":259,"column":53},"end":{"line":259,"column":82}},{"start":{"line":260,"column":22},"end":{"line":261,"column":null}}]},"4":{"loc":{"start":{"line":260,"column":22},"end":{"line":261,"column":null}},"type":"cond-expr","locations":[{"start":{"line":260,"column":54},"end":{"line":260,"column":81}},{"start":{"line":261,"column":22},"end":{"line":261,"column":null}}]}},"s":{"0":1,"1":1,"2":1,"3":1,"4":1,"5":1,"6":1,"7":1,"8":1,"9":3,"10":3,"11":15,"12":4,"13":3,"14":1},"f":{"0":1,"1":3,"2":3,"3":15,"4":4,"5":3},"b":{"0":[10,5],"1":[2,2],"2":[1,1],"3":[0,4],"4":[2,2]}}
,"/home/davicho/Documentos/Meta Studio Ad Studio App SPA/src/pages/Insights.tsx": {"path":"/home/davicho/Documentos/Meta Studio Ad Studio App SPA/src/pages/Insights.tsx","statementMap":{"0":{"start":{"line":2,"column":0},"end":{"line":2,"column":82}},"1":{"start":{"line":4,"column":17},"end":{"line":139,"column":1}},"2":{"start":{"line":5,"column":2},"end":{"line":138,"column":4}},"3":{"start":{"line":141,"column":0},"end":{"line":141,"column":24}}},"fnMap":{"0":{"name":"(anonymous_0)","decl":{"start":{"line":4,"column":17},"end":{"line":4,"column":20}},"loc":{"start":{"line":4,"column":22},"end":{"line":139,"column":1}}}},"branchMap":{},"s":{"0":1,"1":1,"2":1,"3":1},"f":{"0":1},"b":{}}
,"/home/davicho/Documentos/Meta Studio Ad Studio App SPA/src/pages/Overview.tsx": {"path":"/home/davicho/Documentos/Meta Studio Ad Studio App SPA/src/pages/Overview.tsx","statementMap":{"0":{"start":{"line":1,"column":0},"end":{"line":1,"column":154}},"1":{"start":{"line":2,"column":0},"end":{"line":2,"column":44}},"2":{"start":{"line":3,"column":0},"end":{"line":3,"column":64}},"3":{"start":{"line":4,"column":0},"end":{"line":4,"column":66}},"4":{"start":{"line":5,"column":0},"end":{"line":5,"column":62}},"5":{"start":{"line":6,"column":0},"end":{"line":6,"column":56}},"6":{"start":{"line":7,"column":0},"end":{"line":7,"column":80}},"7":{"start":{"line":8,"column":0},"end":{"line":8,"column":45}},"8":{"start":{"line":10,"column":15},"end":{"line":15,"column":2}},"9":{"start":{"line":17,"column":17},"end":{"line":46,"column":2}},"10":{"start":{"line":48,"column":17},"end":{"line":328,"column":1}},"11":{"start":{"line":49,"column":20},"end":{"line":49,"column":30}},"12":{"start":{"line":50,"column":52},"end":{"line":50,"column":67}},"13":{"start":{"line":51,"column":50},"end":{"line":51,"column":79}},"14":{"start":{"line":52,"column":36},"end":{"line":52,"column":51}},"15":{"start":{"line":53,"column":60},"end":{"line":53,"column":92}},"16":{"start":{"line":56,"column":2},"end":{"line":66,"column":14}},"17":{"start":{"line":57,"column":18},"end":{"line":63,"column":12}},"18":{"start":{"line":58,"column":6},"end":{"line":62,"column":9}},"19":{"start":{"line":65,"column":4},"end":{"line":65,"column":37}},"20":{"start":{"line":65,"column":17},"end":{"line":65,"column":36}},"21":{"start":{"line":68,"column":27},"end":{"line":75,"column":3}},"22":{"start":{"line":69,"column":4},"end":{"line":69,"column":35}},"23":{"start":{"line":70,"column":4},"end":{"line":74,"column":7}},"24":{"start":{"line":77,"column":34},"end":{"line":89,"column":3}},"25":{"start":{"line":78,"column":4},"end":{"line":78,"column":23}},"26":{"start":{"line":81,"column":4},"end":{"line":88,"column":13}},"27":{"start":{"line":82,"column":6},"end":{"line":82,"column":26}},"28":{"start":{"line":83,"column":6},"end":{"line":87,"column":9}},"29":{"start":{"line":91,"column":30},"end":{"line":97,"column":3}},"30":{"start":{"line":92,"column":4},"end":{"line":96,"column":7}},"31":{"start":{"line":99,"column":29},"end":{"line":111,"column":3}},"32":{"start":{"line":100,"column":4},"end":{"line":100,"column":23}},"33":{"start":{"line":103,"column":4},"end":{"line":110,"column":13}},"34":{"start":{"line":104,"column":6},"end":{"line":104,"column":26}},"35":{"start":{"line":105,"column":6},"end":{"line":109,"column":9}},"36":{"start":{"line":113,"column":35},"end":{"line":117,"column":3}},"37":{"start":{"line":114,"column":19},"end":{"line":114,"column":49}},"38":{"start":{"line":115,"column":4},"end":{"line":115,"column":19}},"39":{"start":{"line":116,"column":4},"end":{"line":116,"column":37}},"40":{"start":{"line":119,"column":22},"end":{"line":124,"column":4}},"41":{"start":{"line":126,"column":2},"end":{"line":327,"column":4}},"42":{"start":{"line":224,"column":31},"end":{"line":228,"column":18}},"43":{"start":{"line":240,"column":31},"end":{"line":244,"column":18}},"44":{"start":{"line":278,"column":12},"end":{"line":278,"column":46}},"45":{"start":{"line":296,"column":27},"end":{"line":299,"column":14}},"46":{"start":{"line":306,"column":27},"end":{"line":309,"column":14}},"47":{"start":{"line":315,"column":27},"end":{"line":318,"column":14}},"48":{"start":{"line":330,"column":0},"end":{"line":330,"column":24}}},"fnMap":{"0":{"name":"(anonymous_0)","decl":{"start":{"line":48,"column":17},"end":{"line":48,"column":20}},"loc":{"start":{"line":48,"column":22},"end":{"line":328,"column":1}}},"1":{"name":"(anonymous_1)","decl":{"start":{"line":56,"column":12},"end":{"line":56,"column":15}},"loc":{"start":{"line":56,"column":17},"end":{"line":66,"column":3}}},"2":{"name":"(anonymous_2)","decl":{"start":{"line":57,"column":29},"end":{"line":57,"column":32}},"loc":{"start":{"line":57,"column":34},"end":{"line":63,"column":5}}},"3":{"name":"(anonymous_3)","decl":{"start":{"line":65,"column":11},"end":{"line":65,"column":14}},"loc":{"start":{"line":65,"column":17},"end":{"line":65,"column":36}}},"4":{"name":"(anonymous_4)","decl":{"start":{"line":68,"column":27},"end":{"line":68,"column":28}},"loc":{"start":{"line":68,"column":49},"end":{"line":75,"column":3}}},"5":{"name":"(anonymous_5)","decl":{"start":{"line":77,"column":34},"end":{"line":77,"column":37}},"loc":{"start":{"line":77,"column":39},"end":{"line":89,"column":3}}},"6":{"name":"(anonymous_6)","decl":{"start":{"line":81,"column":15},"end":{"line":81,"column":18}},"loc":{"start"
[...]
,"/home/davicho/Documentos/Meta Studio Ad Studio App SPA/src/pages/Planning.tsx": {"path":"/home/davicho/Documentos/Meta Studio Ad Studio App SPA/src/pages/Planning.tsx","statementMap":{"0":{"start":{"line":2,"column":0},"end":{"line":2,"column":186}},"1":{"start":{"line":3,"column":0},"end":{"line":3,"column":62}},"2":{"start":{"line":4,"column":0},"end":{"line":4,"column":56}},"3":{"start":{"line":5,"column":0},"end":{"line":5,"column":80}},"4":{"start":{"line":6,"column":0},"end":{"line":6,"column":33}},"5":{"start":{"line":7,"column":0},"end":{"line":7,"column":129}},"6":{"start":{"line":8,"column":0},"end":{"line":8,"column":null}},"7":{"start":{"line":17,"column":0},"end":{"line":17,"column":null}},"8":{"start":{"line":25,"column":0},"end":{"line":25,"column":null}},"9":{"start":{"line":30,"column":0},"end":{"line":30,"column":45}},"10":{"start":{"line":32,"column":23},"end":{"line":61,"column":2}},"11":{"start":{"line":63,"column":25},"end":{"line":69,"column":2}},"12":{"start":{"line":72,"column":26},"end":{"line":76,"column":2}},"13":{"start":{"line":78,"column":18},"end":{"line":85,"column":2}},"14":{"start":{"line":87,"column":35},"end":{"line":91,"column":2}},"15":{"start":{"line":93,"column":15},"end":{"line":93,"column":70}},"16":{"start":{"line":95,"column":17},"end":{"line":530,"column":1}},"17":{"start":{"line":96,"column":20},"end":{"line":96,"column":30}},"18":{"start":{"line":97,"column":44},"end":{"line":97,"column":73}},"19":{"start":{"line":99,"column":29},"end":{"line":101,"column":3}},"20":{"start":{"line":100,"column":4},"end":{"line":100,"column":61}},"21":{"start":{"line":103,"column":31},"end":{"line":109,"column":3}},"22":{"start":{"line":104,"column":4},"end":{"line":108,"column":7}},"23":{"start":{"line":111,"column":31},"end":{"line":117,"column":3}},"24":{"start":{"line":112,"column":4},"end":{"line":116,"column":7}},"25":{"start":{"line":119,"column":28},"end":{"line":125,"column":3}},"26":{"start":{"line":120,"column":4},"end":{"line":124,"column":7}},"27":{"start":{"line":127,"column":2},"end":{"line":529,"column":4}},"28":{"start":{"line":223,"column":50},"end":{"line":223,"column":91}},"29":{"start":{"line":226,"column":22},"end":{"line":226,"column":50}},"30":{"start":{"line":313,"column":31},"end":{"line":313,"column":52}},"31":{"start":{"line":336,"column":31},"end":{"line":336,"column":52}},"32":{"start":{"line":359,"column":31},"end":{"line":359,"column":52}},"33":{"start":{"line":430,"column":20},"end":{"line":430,"column":43}},"34":{"start":{"line":494,"column":48},"end":{"line":494,"column":89}},"35":{"start":{"line":497,"column":20},"end":{"line":497,"column":48}},"36":{"start":{"line":524,"column":12},"end":{"line":524,"column":46}},"37":{"start":{"line":532,"column":0},"end":{"line":532,"column":24}}},"fnMap":{"0":{"name":"(anonymous_0)","decl":{"start":{"line":95,"column":17},"end":{"line":95,"column":20}},"loc":{"start":{"line":95,"column":22},"end":{"line":530,"column":1}}},"1":{"name":"(anonymous_1)","decl":{"start":{"line":99,"column":29},"end":{"line":99,"column":30}},"loc":{"start":{"line":99,"column":47},"end":{"line":101,"column":3}}},"2":{"name":"(anonymous_2)","decl":{"start":{"line":103,"column":31},"end":{"line":103,"column":34}},"loc":{"start":{"line":103,"column":36},"end":{"line":109,"column":3}}},"3":{"name":"(anonymous_3)","decl":{"start":{"line":111,"column":31},"end":{"line":111,"column":34}},"loc":{"start":{"line":111,"column":36},"end":{"line":117,"column":3}}},"4":{"name":"(anonymous_4)","decl":{"start":{"line":119,"column":28},"end":{"line":119,"column":31}},"loc":{"start":{"line":119,"column":33},"end":{"line":125,"column":3}}},"5":{"name":"(anonymous_5)","decl":{"start":{"line":223,"column":27},"end":{"line":223,"column":28}},"loc":{"start":{"line":223,"column":50},"end":{"line":223,"column":91}}},"6":{"name":"(anonymous_6)","decl":{"start":{"line":225,"column":43},"end":{"line":225,"column":44}},"loc":{"start":{"line":226,"column":22},"end":{"line":226,"column":50}}},"7":{"name":"(anonymous_7)","decl":{"start":{"line":313,"column":25},"end":{"line":313,"column":28}},"loc":{"start":{"line":313,"column":31},"end":{"line":313,"column":52}}},"8":{"name":"(anonymous_8)","decl":{"start":{"line":336,"column":25},"end":{"line":336,"column":28}},"loc":{"start":{"line":336,"column":31},"end":{"line":336,"column":52}}},"9":{"name":"(anonymous_9)","decl":{"start":{"line":359,"column":25},"end":{"line":359,"column":28}},"loc":{"start":{"line":359,"column":31},"end":{"line":359,"column":52}}},"10":{"name":"(anonymous_10)","decl":{"start":{"line":429,"column":40},"end":{"line":429,"column":41}},"loc":{"start":{"line":430,"column":20},"end":{"line":430,"column":43}}},"11":{"name":"(anonymous_11)","decl":{"start":{"line":494,"column":25},"end":{"line":494,"column":26}},"loc":{"start":{"line":494,"column":48},"end":{"line":494,"column":89}}},"12":{"name":"(anonymous_12)","decl":{"start":{"line":496,"column":50},"end":{"line":496,"column":51}},"loc":{"start":{"line":497,"column":20},"end":{"line":497,"column":48}}},"13":{"name":"(anonymous_13)","decl":{"start":{"line":523,"column":30},"end":{"line":523,"column":31}},"loc":{"start":{"line":524,"column":12},"end":{"line":524,"column":46}}}},"branchMap":{"0":{"loc":{"start":{"line":100,"column":21},"end":{"line":100,"column":59}},"type":"cond-expr","locations":[{"start":{"line":100,"column":47},"end":{"line":100,"column":51}},{"start":{"line":100,"column":54},"end":{"line":100,"column":59}}]},"1":{"loc":{"start":{"line":312,"column":99},"end":{"line":312,"column":148}},"type":"cond-expr","locations":[{"start":{"line":312,"column":121},"end":{"line":312,"column":143}},{"start":{"line":312,"column":146},"end":{"line":312,"column":148}}]},"2":{"loc":{"start":{"line":321,"column":21},"end":{"line":328,"column":null}},"type":"binary-expr","locations":[{"start":{"line":321,"column":21},"end":{"line":321,"column":40}},{"start":{"line":322,"column":22},"end":{"line":327,"column":null}}]},"3":{"loc":{"start":{"line":335,"column":101},"end":{"line":335,"column":152}},"type":"cond-expr","locations":[{"start":{"line":335,"column":123},"end":{"line":335,"column":147}},{"start":{"line":335,"column":150},"end":{"line":335,"column":152}}]},"4":{"loc":{"start":{"line":344,"column":21},"end":{"line":351,"column":null}},"type":"binary-expr","locations":[{"start":{"line":344,"column":21},"end":{"line":344,"column":40}},{"start":{"line":345,"column":22},"end":{"line":350,"column":null}}]},"5":{"loc":{"start":{"line":358,"column":100},"end":{"line":358,"column":150}},"type":"cond-expr","locations":[{"start":{"line":358,"column":122},"end":{"line":358,"column":145}},{"start":{"line":358,"column":148},"end":{"line":358,"column":150}}]},"6":{"loc":{"start":{"line":367,"column":21},"end":{"line":374,"column":null}},"type":"binary-expr","locations":[{"start":{"line":367,"column":21},"end":{"line":367,"column":40}},{"start":{"line":368,"column":22},"end":{"line":373,"column":null}}]},"7":{"loc":{"start":{"line":435,"column":26},"end":{"line":437,"column":null}},"type":"cond-expr","locations":[{"start":{"line":435,"column":52},"end":{"line":435,"column":77}},{"start":{"line":436,"column":26},"end":{"line":437,"column":null}}]},"8":{"loc":{"start":{"line":436,"column":26},"end":{"line":437,"column":null}},"type":"cond-expr","locations":[{"start":{"line":436,"column":53},"end":{"line":436,"column":84}},{"start":{"line":437,"column":26},"end":{"line":437,"column":null}}]},"9":{"loc":{"start":{"line":444,"column":26},"end":{"line":447,"column":null}},"type":"cond-expr","locations":[{"start":{"line":444,"column":56},"end":{"line":444,"column":85}},{"start":{"line":445,"column":26},"end":{"line":447,"column":null}}]},"10":{"loc":{"start":{"line":445,"column":26},"end":{"line":447,"column":null}},"type":"cond-expr","locations":[{"start":{"line":445,"column":57},"end":{"line":445,"column":84}},{"start":{"line":446,"column":26},"end":{"line":447,"column":null}}]},"11":{"loc":{"start":{"line":446,"column":26},"end":{"line":447,"column":null}},"type":"cond-expr","locations":[{"start":{"line":446,"column":57},"end":{"line":446,"column":88}},{"start":{"line":447,"column":26},"end":{"line":447,"column":null}}]},"12":{"loc":{"start":{"line":497,"column":54},"end":{"line":497,"column":136}},"type":"cond-expr","locations":[{"start":{"line":497,"column":78},"end":{"line":497,"column":87}},{"start":{"line":497,"column":90},"end":{"line":497,"column":136}}]},"13":{"loc":{"start":{"line":497,"column":90},"end":{"line":497,"column":136}},"type":"cond-expr","locations":[{"start":{"line":497,"column":115},"end":{"line":497,"column":124}},{"start":{"line":497,"column":127},"end":{"line":497,"column":136}}]}},"s":{"0":1,"1":1,"2":1,"3":1,"4":1,"5":1,"6":1,"7":1,"8":1,"9":1,"10":1,"11":1,"12":1,"13":1,"14":1,"15":1,"16":1,"17":1,"18":1,"19":1,"20":0,"21":1,"22":0,"23":1,"24":0,"25":1,"26":0,"27":1,"28":0,"29":3,"30":0,"31":0,"32":0,"33":5,"34":0,"35":3,"36":4,"37":1},"f":{"0":1,"1":0,"2":0,"3":0,"4":0,"5":0,"6":3,"7":0,"8":0,"9":0,"10":5,"11":0,"12":3,"13":4},"b":{"0":[0,0],"1":[0,1],"2":[1,0],"3":[0,1],"4":[1,0],"5":[0,1],"6":[1,0],"7":[3,2],"8":[2,0],"9":[1,4],"10":[2,2],"11":[1,1],"12":[1,2],"13":[1,1]}}
,"/home/davicho/Documentos/Meta Studio Ad Studio App SPA/src/pages/SdlcDashboard.tsx": {"path":"/home/davicho/Documentos/Meta Studio Ad Studio App SPA/src/pages/SdlcDashboard.tsx","statementMap":{"0":{"start":{"line":1,"column":0},"end":{"line":1,"column":154}},"1":{"start":{"line":2,"column":0},"end":{"line":2,"column":44}},"2":{"start":{"line":3,"column":0},"end":{"line":3,"column":64}},"3":{"start":{"line":4,"column":0},"end":{"line":4,"column":66}},"4":{"start":{"line":5,"column":0},"end":{"line":5,"column":62}},"5":{"start":{"line":6,"column":0},"end":{"line":6,"column":56}},"6":{"start":{"line":7,"column":0},"end":{"line":7,"column":80}},"7":{"start":{"line":8,"column":0},"end":{"line":8,"column":45}},"8":{"start":{"line":9,"column":0},"end":{"line":9,"column":47}},"9":{"start":{"line":13,"column":22},"end":{"line":184,"column":1}},"10":{"start":{"line":14,"column":20},"end":{"line":14,"column":30}},"11":{"start":{"line":15,"column":34},"end":{"line":15,"column":65}},"12":{"start":{"line":16,"column":36},"end":{"line":16,"column":51}},"13":{"start":{"line":18,"column":2},"end":{"line":33,"column":14}},"14":{"start":{"line":19,"column":22},"end":{"line":27,"column":5}},"15":{"start":{"line":20,"column":19},"end":{"line":20,"column":32}},"16":{"start":{"line":21,"column":6},"end":{"line":21,"column":24}},"17":{"start":{"line":22,"column":6},"end":{"line":26,"column":9}},"18":{"start":{"line":29,"column":4},"end":{"line":29,"column":16}},"19":{"start":{"line":30,"column":23},"end":{"line":30,"column":52}},"20":{"start":{"line":32,"column":4},"end":{"line":32,"column":43}},"21":{"start":{"line":32,"column":17},"end":{"line":32,"column":42}},"22":{"start":{"line":35,"column":29},"end":{"line":45,"column":3}},"23":{"start":{"line":36,"column":4},"end":{"line":36,"column":23}},"24":{"start":{"line":37,"column":4},"end":{"line":44,"column":13}},"25":{"start":{"line":38,"column":6},"end":{"line":38,"column":26}},"26":{"start":{"line":39,"column":6},"end":{"line":43,"column":9}},"27":{"start":{"line":47,"column":2},"end":{"line":53,"column":3}},"28":{"start":{"line":48,"column":4},"end":{"line":52,"column":6}},"29":{"start":{"line":55,"column":2},"end":{"line":183,"column":4}},"30":{"start":{"line":126,"column":68},"end":{"line":126,"column":106}},"31":{"start":{"line":136,"column":16},"end":{"line":136,"column":36}},"32":{"start":{"line":155,"column":12},"end":{"line":155,"column":42}},"33":{"start":{"line":186,"column":0},"end":{"line":186,"column":29}}},"fnMap":{"0":{"name":"(anonymous_0)","decl":{"start":{"line":13,"column":22},"end":{"line":13,"column":25}},"loc":{"start":{"line":13,"column":27},"end":{"line":184,"column":1}}},"1":{"name":"(anonymous_1)","decl":{"start":{"line":18,"column":12},"end":{"line":18,"column":15}},"loc":{"start":{"line":18,"column":17},"end":{"line":33,"column":3}}},"2":{"name":"(anonymous_2)","decl":{"start":{"line":19,"column":22},"end":{"line":19,"column":25}},"loc":{"start":{"line":19,"column":27},"end":{"line":27,"column":5}}},"3":{"name":"(anonymous_3)","decl":{"start":{"line":32,"column":11},"end":{"line":32,"column":14}},"loc":{"start":{"line":32,"column":17},"end":{"line":32,"column":42}}},"4":{"name":"(anonymous_4)","decl":{"start":{"line":35,"column":29},"end":{"line":35,"column":32}},"loc":{"start":{"line":35,"column":34},"end":{"line":45,"column":3}}},"5":{"name":"(anonymous_5)","decl":{"start":{"line":37,"column":15},"end":{"line":37,"column":18}},"loc":{"start":{"line":37,"column":20},"end":{"line":44,"column":5}}},"6":{"name":"(anonymous_6)","decl":{"start":{"line":126,"column":62},"end":{"line":126,"column":63}},"loc":{"start":{"line":126,"column":68},"end":{"line":126,"column":106}}},"7":{"name":"(anonymous_7)","decl":{"start":{"line":126,"column":124},"end":{"line":126,"column":127}},"loc":{"start":{"line":126,"column":129},"end":{"line":126,"column":132}}},"8":{"name":"(anonymous_8)","decl":{"start":{"line":135,"column":35},"end":{"line":135,"column":40}},"loc":{"start":{"line":136,"column":16},"end":{"line":136,"column":36}}},"9":{"name":"(anonymous_9)","decl":{"start":{"line":154,"column":33},"end":{"line":154,"column":34}},"loc":{"start":{"line":155,"column":12},"end":{"line":155,"column":42}}}},"branchMap":{"0":{"loc":{"start":{"line":47,"column":2},"end":{"line":53,"column":3}},"type":"if","locations":[{"start":{"line":47,"column":2},"end":{"line":53,"column":3}},{"start":{},"end":{}}]},"1":{"loc":{"start":{"line":69,"column":13},"end":{"line":72,"column":null}},"type":"cond-expr","locations":[{"start":{"line":70,"column":14},"end":{"line":70,"column":122}},{"start":{"line":72,"column":14},"end":{"line":72,"column":53}}]}},"s":{"0":1,"1":1,"2":1,"3":1,"4":1,"5":1,"6":1,"7":1,"8":1,"9":1,"10":2,"11":2,"12":2,"13":2,"14":1,"15":1,"16":1,"17":1,"18":1,"19":1,"20":1,"21":1,"22":2,"23":0,"24":0,"25":0,"26":0,"27":2,"28":1,"29":1,"30":4,"31":4,"32":4,"33":1},"f":{"0":2,"1":1,"2":1,"3":1,"4":0,"5":0,"6":4,"7":0,"8":4,"9":4},"b":{"0":[1,1],"1":[0,1]}}
,"/home/davicho/Documentos/Meta Studio Ad Studio App SPA/src/pages/Settings.tsx": {"path":"/home/davicho/Documentos/Meta Studio Ad Studio App SPA/src/pages/Settings.tsx","statementMap":{"0":{"start":{"line":2,"column":0},"end":{"line":2,"column":33}},"1":{"start":{"line":3,"column":0},"end":{"line":3,"column":75}},"2":{"start":{"line":5,"column":17},"end":{"line":189,"column":1}},"3":{"start":{"line":6,"column":36},"end":{"line":6,"column":55}},"4":{"start":{"line":8,"column":2},"end":{"line":188,"column":4}},"5":{"start":{"line":24,"column":29},"end":{"line":24,"column":52}},"6":{"start":{"line":35,"column":29},"end":{"line":35,"column":58}},"7":{"start":{"line":46,"column":29},"end":{"line":46,"column":53}},"8":{"start":{"line":57,"column":29},"end":{"line":57,"column":55}},"9":{"start":{"line":192,"column":12},"end":{"line":214,"column":null}},"10":{"start":{"line":193,"column":2},"end":{"line":213,"column":null}},"11":{"start":{"line":217,"column":0},"end":{"line":217,"column":24}}},"fnMap":{"0":{"name":"(anonymous_0)","decl":{"start":{"line":5,"column":17},"end":{"line":5,"column":20}},"loc":{"start":{"line":5,"column":22},"end":{"line":189,"column":1}}},"1":{"name":"(anonymous_1)","decl":{"start":{"line":24,"column":23},"end":{"line":24,"column":26}},"loc":{"start":{"line":24,"column":29},"end":{"line":24,"column":52}}},"2":{"name":"(anonymous_2)","decl":{"start":{"line":35,"column":23},"end":{"line":35,"column":26}},"loc":{"start":{"line":35,"column":29},"end":{"line":35,"column":58}}},"3":{"name":"(anonymous_3)","decl":{"start":{"line":46,"column":23},"end":{"line":46,"column":26}},"loc":{"start":{"line":46,"column":29},"end":{"line":46,"column":53}}},"4":{"name":"(anonymous_4)","decl":{"start":{"line":57,"column":23},"end":{"line":57,"column":26}},"loc":{"start":{"line":57,"column":29},"end":{"line":57,"column":55}}},"5":{"name":"(anonymous_5)","decl":{"start":{"line":192,"column":12},"end":{"line":192,"column":13}},"loc":{"start":{"line":193,"column":2},"end":{"line":213,"column":null}}}},"branchMap":{"0":{"loc":{"start":{"line":20,"column":16},"end":{"line":22,"column":null}},"type":"cond-expr","locations":[{"start":{"line":21,"column":20},"end":{"line":21,"column":65}},{"start":{"line":22,"column":20},"end":{"line":22,"column":null}}]},"1":{"loc":{"start":{"line":31,"column":16},"end":{"line":33,"column":null}},"type":"cond-expr","locations":[{"start":{"line":32,"column":20},"end":{"line":32,"column":65}},{"start":{"line":33,"column":20},"end":{"line":33,"column":null}}]},"2":{"loc":{"start":{"line":42,"column":16},"end":{"line":44,"column":null}},"type":"cond-expr","locations":[{"start":{"line":43,"column":20},"end":{"line":43,"column":65}},{"start":{"line":44,"column":20},"end":{"line":44,"column":null}}]},"3":{"loc":{"start":{"line":53,"column":16},"end":{"line":55,"column":null}},"type":"cond-expr","locations":[{"start":{"line":54,"column":20},"end":{"line":54,"column":65}},{"start":{"line":55,"column":20},"end":{"line":55,"column":null}}]},"4":{"loc":{"start":{"line":66,"column":11},"end":{"line":114,"column":null}},"type":"binary-expr","locations":[{"start":{"line":66,"column":11},"end":{"line":66,"column":34}},{"start":{"line":67,"column":12},"end":{"line":113,"column":null}}]},"5":{"loc":{"start":{"line":117,"column":11},"end":{"line":164,"column":null}},"type":"binary-expr","locations":[{"start":{"line":117,"column":11},"end":{"line":117,"column":37}},{"start":{"line":118,"column":12},"end":{"line":163,"column":null}}]},"6":{"loc":{"start":{"line":168,"column":11},"end":{"line":174,"column":null}},"type":"binary-expr","locations":[{"start":{"line":168,"column":11},"end":{"line":168,"column":40}},{"start":{"line":169,"column":12},"end":{"line":173,"column":null}}]},"7":{"loc":{"start":{"line":177,"column":11},"end":{"line":183,"column":null}},"type":"binary-expr","locations":[{"start":{"line":177,"column":11},"end":{"line":177,"column":35}},{"start":{"line":178,"column":12},"end":{"line":182,"column":null}}]},"8":{"loc":{"start":{"line":192,"column":15},"end":{"line":192,"column":24}},"type":"default-arg","locations":[{"start":{"line":192,"column":22},"end":{"line":192,"column":24}}]}},"s":{"0":1,"1":1,"2":1,"3":1,"4":1,"5":0,"6":0,"7":0,"8":0,"9":1,"10":0,"11":1},"f":{"0":1,"1":0,"2":0,"3":0,"4":0,"5":0},"b":{"0":[1,0],"1":[0,1],"2":[0,1],"3":[0,1],"4":[1,1],"5":[1,0],"6":[1,0],"7":[1,0],"8":[0]}}
}
