TN:
SF:src/components/MultiverseGallery.tsx
FN:9,(anonymous_0)
FN:14,(anonymous_1)
FN:15,(anonymous_2)
FN:49,(anonymous_3)
FNF:4
FNH:4
FNDA:8,(anonymous_0)
FNDA:4,(anonymous_1)
FNDA:4,(anonymous_2)
FNDA:2,(anonymous_3)
DA:1,1
DA:9,1
DA:10,8
DA:11,7
DA:12,7
DA:14,7
DA:15,4
DA:16,4
DA:17,4
DA:19,4
DA:20,3
DA:21,0
DA:23,3
DA:24,3
DA:26,1
DA:27,1
DA:29,4
DA:33,4
DA:36,7
DA:37,4
DA:40,3
DA:41,1
DA:44,2
DA:50,2
DA:96,1
LF:25
LH:24
BRDA:20,0,0,0
BRDA:20,0,1,3
BRDA:36,1,0,4
BRDA:36,1,1,3
BRDA:40,2,0,1
BRDA:40,2,1,2
BRDA:47,3,0,1
BRDA:47,3,1,1
BRF:8
BRH:7
end_of_record
TN:
SF:src/components/dashboard/AIAgentCard.tsx
FN:14,(anonymous_0)
FN:24,(anonymous_1)
FN:37,(anonymous_2)
FN:50,(anonymous_3)
FN:59,(anonymous_4)
FN:67,(anonymous_5)
FN:78,(anonymous_6)
FN:79,(anonymous_7)
FNF:8
FNH:3
FNDA:21,(anonymous_0)
FNDA:21,(anonymous_1)
FNDA:21,(anonymous_2)
FNDA:0,(anonymous_3)
FNDA:0,(anonymous_4)
FNDA:0,(anonymous_5)
FNDA:0,(anonymous_6)
FNDA:0,(anonymous_7)
DA:2,6
DA:3,6
DA:4,6
DA:14,6
DA:21,21
DA:22,21
DA:24,21
DA:25,21
DA:27,10
DA:29,3
DA:31,4
DA:33,4
DA:37,21
DA:38,21
DA:40,10
DA:42,3
DA:44,4
DA:46,4
DA:50,21
DA:51,0
DA:52,0
DA:59,21
DA:60,0
DA:67,21
DA:68,0
DA:75,21
DA:78,0
DA:79,0
DA:149,6
LF:29
LH:23
BRDA:18,0,0,0
BRDA:25,1,0,10
BRDA:25,1,1,3
BRDA:25,1,2,4
BRDA:25,1,3,4
BRDA:38,2,0,10
BRDA:38,2,1,3
BRDA:38,2,2,4
BRDA:38,2,3,4
BRDA:51,3,0,0
BRDA:51,3,1,0
BRDA:54,4,0,0
BRDA:54,4,1,0
BRDA:93,5,0,0
BRDA:93,5,1,21
BRDA:99,6,0,21
BRDA:99,6,1,21
BRDA:106,7,0,21
BRDA:106,7,1,16
BRDA:138,8,0,10
BRDA:138,8,1,11
BRF:21
BRH:15
end_of_record
TN:
SF:src/components/dashboard/AIPredictiveInsights.tsx
FN:15,(anonymous_0)
FN:25,(anonymous_1)
FN:34,(anonymous_2)
FN:38,(anonymous_3)
FN:48,(anonymous_4)
FN:69,(anonymous_5)
FN:73,(anonymous_6)
FNF:7
FNH:2
FNDA:0,(anonymous_0)
FNDA:0,(anonymous_1)
FNDA:3,(anonymous_2)
FNDA:0,(anonymous_3)
FNDA:0,(anonymous_4)
FNDA:4,(anonymous_5)
FNDA:0,(anonymous_6)
DA:2,3
DA:3,3
DA:4,3
DA:15,3
DA:16,0
DA:17,0
DA:18,0
DA:19,0
DA:20,0
DA:21,0
DA:25,3
DA:26,0
DA:27,0
DA:28,0
DA:29,0
DA:30,0
DA:34,3
DA:35,3
DA:36,3
DA:38,3
DA:39,0
DA:41,0
DA:48,3
DA:49,0
DA:56,3
DA:70,4
DA:73,0
DA:97,3
LF:28
LH:13
BRDA:16,0,0,0
BRDA:16,0,1,0
BRDA:16,0,2,0
BRDA:16,0,3,0
BRDA:16,0,4,0
BRDA:26,1,0,0
BRDA:26,1,1,0
BRDA:26,1,2,0
BRDA:26,1,3,0
BRDA:34,2,0,2
BRDA:39,3,0,0
BRDA:39,3,1,0
BRDA:82,4,0,4
BRDA:82,4,1,2
BRF:14
BRH:3
end_of_record
TN:
SF:src/components/dashboard/PhaseProgress.tsx
FN:14,(anonymous_0)
FN:29,(anonymous_1)
FN:44,(anonymous_2)
FN:52,(anonymous_3)
FN:66,(anonymous_4)
FN:72,(anonymous_5)
FNF:6
FNH:5
FNDA:16,(anonymous_0)
FNDA:8,(anonymous_1)
FNDA:2,(anonymous_2)
FNDA:8,(anonymous_3)
FNDA:8,(anonymous_4)
FNDA:0,(anonymous_5)
DA:14,2
DA:15,16
DA:17,2
DA:19,10
DA:21,4
DA:23,0
DA:25,0
DA:29,2
DA:30,8
DA:32,1
DA:34,5
DA:36,2
DA:38,0
DA:40,0
DA:44,2
DA:49,2
DA:53,8
DA:67,8
DA:72,0
DA:98,2
LF:20
LH:15
BRDA:15,0,0,2
BRDA:15,0,1,10
BRDA:15,0,2,4
BRDA:15,0,3,0
BRDA:15,0,4,0
BRDA:30,1,0,1
BRDA:30,1,1,5
BRDA:30,1,2,2
BRDA:30,1,3,0
BRDA:30,1,4,0
BRDA:56,2,0,2
BRDA:56,2,1,6
BRDA:58,3,0,2
BRDA:58,3,1,6
BRDA:60,4,0,0
BRDA:60,4,1,8
BRDA:70,5,0,0
BRDA:70,5,1,8
BRDA:72,6,0,0
BRDA:72,6,1,0
BRDA:75,7,0,0
BRDA:75,7,1,8
BRDA:86,8,0,8
BRDA:86,8,1,7
BRF:24
BRH:15
end_of_record
TN:
SF:src/components/dashboard/ProgressRing.tsx
FN:12,(anonymous_0)
FN:24,(anonymous_1)
FN:34,(anonymous_2)
FNF:3
FNH:2
FNDA:2,(anonymous_0)
FNDA:2,(anonymous_1)
FNDA:0,(anonymous_2)
DA:2,2
DA:12,2
DA:19,2
DA:20,2
DA:21,2
DA:22,2
DA:24,2
DA:25,2
DA:26,0
DA:27,0
DA:30,2
DA:31,2
DA:32,2
DA:34,2
DA:35,0
DA:36,0
DA:38,0
DA:40,0
DA:41,0
DA:45,2
DA:48,2
DA:80,2
LF:22
LH:15
BRDA:14,0,0,2
BRDA:15,1,0,2
BRDA:16,2,0,0
BRDA:17,3,0,2
BRDA:25,4,0,0
BRDA:25,4,1,2
BRDA:40,5,0,0
BRDA:40,5,1,0
BRF:8
BRH:4
end_of_record
TN:
SF:src/components/dashboard/StatCard.tsx
FN:16,(anonymous_0)
FNF:1
FNH:1
FNDA:24,(anonymous_0)
DA:16,6
DA:24,24
DA:54,6
LF:3
LH:3
BRDA:21,0,0,0
BRDA:22,1,0,0
BRDA:31,2,0,24
BRDA:31,2,1,17
BRDA:35,3,0,15
BRDA:35,3,1,2
BRDA:38,4,0,15
BRDA:38,4,1,2
BRF:8
BRH:6
end_of_record
TN:
SF:src/components/ui/card.tsx
FN:8,(anonymous_0)
FN:23,(anonymous_1)
FN:35,(anonymous_2)
FN:50,(anonymous_3)
FN:62,(anonymous_4)
FN:70,(anonymous_5)
FNF:6
FNH:2
FNDA:3,(anonymous_0)
FNDA:0,(anonymous_1)
FNDA:0,(anonymous_2)
FNDA:0,(anonymous_3)
FNDA:3,(anonymous_4)
FNDA:0,(anonymous_5)
DA:1,1
DA:3,1
DA:5,1
DA:9,3
DA:18,1
DA:20,1
DA:24,0
DA:30,1
DA:32,1
DA:36,0
DA:45,1
DA:47,1
DA:51,0
DA:57,1
DA:59,1
DA:63,3
DA:65,1
DA:67,1
DA:71,0
DA:77,1
DA:79,1
LF:21
LH:17
BRF:0
BRH:0
end_of_record
TN:
SF:src/components/ui/chart.tsx
FN:25,useChart
FN:43,(anonymous_1)
FN:68,(anonymous_2)
FN:70,(anonymous_3)
FN:82,(anonymous_4)
FN:85,(anonymous_5)
FN:114,(anonymous_6)
FN:134,(anonymous_7)
FN:186,(anonymous_8)
FN:267,(anonymous_9)
FN:286,(anonymous_10)
FN:318,getPayloadConfigFromPayload
FNF:12
FNH:5
FNDA:0,useChart
FNDA:3,(anonymous_1)
FNDA:3,(anonymous_2)
FNDA:9,(anonymous_3)
FNDA:6,(anonymous_4)
FNDA:18,(anonymous_5)
FNDA:0,(anonymous_6)
FNDA:0,(anonymous_7)
FNDA:0,(anonymous_8)
FNDA:0,(anonymous_9)
FNDA:0,(anonymous_10)
FNDA:0,getPayloadConfigFromPayload
DA:1,1
DA:2,1
DA:4,1
DA:7,1
DA:23,1
DA:26,0
DA:28,0
DA:29,0
DA:32,0
DA:35,1
DA:44,3
DA:45,3
DA:47,3
DA:66,1
DA:68,1
DA:69,3
DA:70,9
DA:73,3
DA:74,0
DA:77,3
DA:82,6
DA:87,18
DA:89,18
DA:101,1
DA:103,1
DA:132,0
DA:134,0
DA:135,0
DA:136,0
DA:139,0
DA:140,0
DA:141,0
DA:143,0
DA:147,0
DA:148,0
DA:155,0
DA:156,0
DA:159,0
DA:170,0
DA:171,0
DA:174,0
DA:176,0
DA:187,0
DA:188,0
DA:189,0
DA:191,0
DA:255,1
DA:257,1
DA:259,1
DA:271,0
DA:273,0
DA:274,0
DA:277,0
DA:287,0
DA:288,0
DA:290,0
DA:315,1
DA:323,0
DA:324,0
DA:328,0
DA:334,0
DA:336,0
DA:340,0
DA:341,0
DA:346,0
DA:351,0
DA:357,1
DA:358,1
DA:359,1
DA:360,1
DA:361,1
DA:362,1
LF:72
LH:30
BRDA:28,0,0,0
BRDA:28,0,1,0
BRDA:45,1,0,3
BRDA:45,1,1,3
BRDA:70,2,0,9
BRDA:70,2,1,0
BRDA:73,3,0,0
BRDA:73,3,1,3
BRDA:87,4,0,18
BRDA:87,4,1,0
BRDA:89,5,0,18
BRDA:89,5,1,0
BRDA:119,6,0,0
BRDA:120,7,0,0
BRDA:121,8,0,0
BRDA:135,9,0,0
BRDA:135,9,1,0
BRDA:135,10,0,0
BRDA:135,10,1,0
BRDA:140,11,0,0
BRDA:140,11,1,0
BRDA:140,11,2,0
BRDA:140,11,3,0
BRDA:143,12,0,0
BRDA:143,12,1,0
BRDA:143,13,0,0
BRDA:143,13,1,0
BRDA:144,14,0,0
BRDA:144,14,1,0
BRDA:147,15,0,0
BRDA:147,15,1,0
BRDA:155,16,0,0
BRDA:155,16,1,0
BRDA:170,17,0,0
BRDA:170,17,1,0
BRDA:170,18,0,0
BRDA:170,18,1,0
BRDA:174,19,0,0
BRDA:174,19,1,0
BRDA:184,20,0,0
BRDA:184,20,1,0
BRDA:187,21,0,0
BRDA:187,21,1,0
BRDA:187,21,2,0
BRDA:187,21,3,0
BRDA:189,22,0,0
BRDA:189,22,1,0
BRDA:189,22,2,0
BRDA:196,23,0,0
BRDA:196,23,1,0
BRDA:199,24,0,0
BRDA:199,24,1,0
BRDA:199,25,0,0
BRDA:199,25,1,0
BRDA:199,25,2,0
BRDA:203,26,0,0
BRDA:203,26,1,0
BRDA:206,27,0,0
BRDA:206,27,1,0
BRDA:215,28,0,0
BRDA:215,28,1,0
BRDA:230,29,0,0
BRDA:230,29,1,0
BRDA:234,30,0,0
BRDA:234,30,1,0
BRDA:236,31,0,0
BRDA:236,31,1,0
BRDA:239,32,0,0
BRDA:239,32,1,0
BRDA:268,33,0,0
BRDA:268,34,0,0
BRDA:273,35,0,0
BRDA:273,35,1,0
BRDA:282,36,0,0
BRDA:282,36,1,0
BRDA:287,37,0,0
BRDA:287,37,1,0
BRDA:287,37,2,0
BRDA:297,38,0,0
BRDA:297,38,1,0
BRDA:297,39,0,0
BRDA:297,39,1,0
BRDA:323,40,0,0
BRDA:323,40,1,0
BRDA:323,41,0,0
BRDA:323,41,1,0
BRDA:328,42,0,0
BRDA:328,42,1,0
BRDA:328,43,0,0
BRDA:328,43,1,0
BRDA:328,43,2,0
BRDA:336,44,0,0
BRDA:336,44,1,0
BRDA:337,45,0,0
BRDA:337,45,1,0
BRDA:341,46,0,0
BRDA:341,46,1,0
BRDA:342,47,0,0
BRDA:342,47,1,0
BRDA:342,47,2,0
BRDA:351,48,0,0
BRDA:351,48,1,0
BRF:102
BRH:6
end_of_record
TN:
SF:src/components/ui/table.tsx
FN:8,(anonymous_0)
FN:22,(anonymous_1)
FN:30,(anonymous_2)
FN:42,(anonymous_3)
FN:57,(anonymous_4)
FN:72,(anonymous_5)
FN:87,(anonymous_6)
FN:99,(anonymous_7)
FNF:8
FNH:6
FNDA:1,(anonymous_0)
FNDA:1,(anonymous_1)
FNDA:1,(anonymous_2)
FNDA:0,(anonymous_3)
FNDA:6,(anonymous_4)
FNDA:6,(anonymous_5)
FNDA:30,(anonymous_6)
FNDA:0,(anonymous_7)
DA:1,1
DA:3,1
DA:5,1
DA:9,1
DA:17,1
DA:19,1
DA:23,1
DA:25,1
DA:27,1
DA:31,1
DA:37,1
DA:39,1
DA:43,0
DA:52,1
DA:54,1
DA:58,6
DA:67,1
DA:69,1
DA:73,6
DA:82,1
DA:84,1
DA:88,30
DA:94,1
DA:96,1
DA:100,0
DA:106,1
DA:109,1
DA:110,1
DA:111,1
DA:112,1
DA:113,1
DA:114,1
DA:115,1
DA:116,1
LF:34
LH:32
BRF:0
BRH:0
end_of_record
TN:
SF:src/hooks/use-toast.ts
FN:27,genId
FN:58,(anonymous_1)
FN:63,(anonymous_2)
FN:74,(anonymous_3)
FN:85,(anonymous_4)
FN:98,(anonymous_5)
FN:105,(anonymous_6)
FN:124,(anonymous_7)
FN:133,dispatch
FN:135,(anonymous_9)
FN:142,toast
FN:145,(anonymous_11)
FN:150,(anonymous_12)
FN:158,(anonymous_13)
FN:171,useToast
FN:174,(anonymous_15)
FN:176,(anonymous_16)
FN:187,(anonymous_17)
FNF:18
FNH:8
FNDA:1,genId
FNDA:0,(anonymous_1)
FNDA:0,(anonymous_2)
FNDA:1,(anonymous_3)
FNDA:0,(anonymous_4)
FNDA:0,(anonymous_5)
FNDA:0,(anonymous_6)
FNDA:0,(anonymous_7)
FNDA:1,dispatch
FNDA:1,(anonymous_9)
FNDA:1,toast
FNDA:0,(anonymous_11)
FNDA:0,(anonymous_12)
FNDA:0,(anonymous_13)
FNDA:28,useToast
FNDA:28,(anonymous_15)
FNDA:28,(anonymous_16)
FNDA:0,(anonymous_17)
DA:1,6
DA:8,6
DA:9,6
DA:18,6
DA:25,6
DA:28,1
DA:29,1
DA:56,6
DA:58,6
DA:59,0
DA:60,0
DA:63,0
DA:64,0
DA:65,0
DA:71,0
DA:74,6
DA:75,1
DA:77,1
DA:83,0
DA:86,0
DA:91,0
DA:95,0
DA:96,0
DA:98,0
DA:99,0
DA:103,0
DA:106,0
DA:116,0
DA:117,0
DA:122,0
DA:124,0
DA:129,6
DA:131,6
DA:134,1
DA:135,1
DA:136,1
DA:143,1
DA:145,1
DA:146,0
DA:150,1
DA:152,1
DA:159,0
DA:164,1
DA:172,28
DA:174,28
DA:175,28
DA:176,28
DA:177,28
DA:178,28
DA:179,28
DA:184,28
DA:187,0
DA:191,6
LF:53
LH:31
BRDA:59,0,0,0
BRDA:59,0,1,0
BRDA:75,1,0,1
BRDA:75,1,1,0
BRDA:75,1,2,0
BRDA:75,1,3,0
BRDA:86,2,0,0
BRDA:86,2,1,0
BRDA:95,3,0,0
BRDA:95,3,1,0
BRDA:106,4,0,0
BRDA:106,4,1,0
BRDA:106,5,0,0
BRDA:106,5,1,0
BRDA:116,6,0,0
BRDA:116,6,1,0
BRDA:159,7,0,0
BRDA:159,7,1,0
BRDA:178,8,0,28
BRDA:178,8,1,0
BRF:20
BRH:2
end_of_record
TN:
SF:src/lib/sdlc-data.ts
FN:1,(anonymous_0)
FNF:1
FNH:1
FNDA:1,(anonymous_0)
DA:1,1
LF:1
LH:1
BRF:0
BRH:0
end_of_record
TN:
SF:src/lib/utils.ts
FN:4,cn
FNF:1
FNH:1
FNDA:54,cn
DA:1,1
DA:2,1
DA:4,1
DA:5,54
LF:4
LH:4
BRF:0
BRH:0
end_of_record
TN:
SF:src/pages/Deployment.tsx
FN:30,(anonymous_0)
FN:232,(anonymous_1)
FN:242,(anonymous_2)
FN:259,(anonymous_3)
FN:283,(anonymous_4)
FN:301,(anonymous_5)
FNF:6
FNH:6
FNDA:1,(anonymous_0)
FNDA:3,(anonymous_1)
FNDA:2,(anonymous_2)
FNDA:1,(anonymous_3)
FNDA:1,(anonymous_4)
FNDA:1,(anonymous_5)
DA:2,1
DA:3,1
DA:4,1
DA:6,1
DA:30,1
DA:31,1
DA:233,3
DA:242,1
DA:243,2
DA:259,1
DA:260,1
DA:283,1
DA:284,1
DA:301,1
DA:302,1
DA:321,1
LF:16
LH:16
BRDA:242,0,0,0
BRDA:259,1,0,0
BRDA:283,2,0,0
BRDA:301,3,0,0
BRF:4
BRH:0
end_of_record
TN:
SF:src/pages/Development.tsx
FN:78,(anonymous_0)
FN:93,(anonymous_1)
FN:145,(anonymous_2)
FN:208,(anonymous_3)
FN:246,(anonymous_4)
FNF:5
FNH:5
FNDA:4,(anonymous_0)
FNDA:1,(anonymous_1)
FNDA:2,(anonymous_2)
FNDA:4,(anonymous_3)
FNDA:3,(anonymous_4)
DA:2,1
DA:3,1
DA:4,1
DA:6,1
DA:30,1
DA:47,1
DA:78,1
DA:79,4
DA:81,1
DA:83,1
DA:85,1
DA:87,1
DA:89,0
DA:93,1
DA:94,1
DA:146,2
DA:209,4
DA:247,3
DA:255,1
LF:19
LH:18
BRDA:79,0,0,1
BRDA:79,0,1,1
BRDA:79,0,2,1
BRDA:79,0,3,1
BRDA:79,0,4,0
BRF:5
BRH:4
end_of_record
TN:
SF:src/pages/Implementation.tsx
FN:85,(anonymous_0)
FN:139,(anonymous_1)
FN:195,(anonymous_2)
FN:205,(anonymous_3)
FN:244,(anonymous_4)
FN:293,(anonymous_5)
FNF:6
FNH:6
FNDA:1,(anonymous_0)
FNDA:3,(anonymous_1)
FNDA:3,(anonymous_2)
FNDA:15,(anonymous_3)
FNDA:4,(anonymous_4)
FNDA:3,(anonymous_5)
DA:2,1
DA:3,1
DA:4,1
DA:6,1
DA:30,1
DA:54,1
DA:78,1
DA:85,1
DA:86,1
DA:140,3
DA:196,3
DA:206,15
DA:245,4
DA:294,3
DA:302,1
LF:15
LH:15
BRDA:209,0,0,10
BRDA:209,0,1,5
BRDA:250,1,0,2
BRDA:250,1,1,2
BRDA:251,2,0,1
BRDA:251,2,1,1
BRDA:259,3,0,0
BRDA:259,3,1,4
BRDA:260,4,0,2
BRDA:260,4,1,2
BRF:10
BRH:9
end_of_record
TN:
SF:src/pages/Insights.tsx
FN:4,(anonymous_0)
FNF:1
FNH:1
FNDA:1,(anonymous_0)
DA:2,1
DA:4,1
DA:5,1
DA:141,1
LF:4
LH:4
BRF:0
BRH:0
end_of_record
TN:
SF:src/pages/Overview.tsx
FN:48,(anonymous_0)
FN:56,(anonymous_1)
FN:57,(anonymous_2)
FN:65,(anonymous_3)
FN:68,(anonymous_4)
FN:77,(anonymous_5)
FN:81,(anonymous_6)
FN:91,(anonymous_7)
FN:99,(anonymous_8)
FN:103,(anonymous_9)
FN:113,(anonymous_10)
FN:224,(anonymous_11)
FN:240,(anonymous_12)
FN:277,(anonymous_13)
FN:296,(anonymous_14)
FN:306,(anonymous_15)
FN:315,(anonymous_16)
FNF:17
FNH:4
FNDA:1,(anonymous_0)
FNDA:1,(anonymous_1)
FNDA:0,(anonymous_2)
FNDA:1,(anonymous_3)
FNDA:0,(anonymous_4)
FNDA:0,(anonymous_5)
FNDA:0,(anonymous_6)
FNDA:0,(anonymous_7)
FNDA:0,(anonymous_8)
FNDA:0,(anonymous_9)
FNDA:0,(anonymous_10)
FNDA:0,(anonymous_11)
FNDA:0,(anonymous_12)
FNDA:4,(anonymous_13)
FNDA:0,(anonymous_14)
FNDA:0,(anonymous_15)
FNDA:0,(anonymous_16)
DA:1,1
DA:2,1
DA:3,1
DA:4,1
DA:5,1
DA:6,1
DA:7,1
DA:8,1
DA:10,1
DA:17,1
DA:48,1
DA:49,1
DA:50,1
DA:51,1
DA:52,1
DA:53,1
DA:56,1
DA:57,1
DA:58,0
DA:65,1
DA:68,1
DA:69,0
DA:70,0
DA:77,1
DA:78,0
DA:81,0
DA:82,0
DA:83,0
DA:91,1
DA:92,0
DA:99,1
DA:100,0
DA:103,0
DA:104,0
DA:105,0
DA:113,1
DA:114,0
DA:115,0
DA:116,0
DA:119,1
DA:126,1
DA:224,0
DA:240,0
DA:278,4
DA:296,0
DA:306,0
DA:315,0
DA:330,1
LF:48
LH:28
BRDA:140,0,0,0
BRDA:140,0,1,1
BRDA:268,1,0,0
BRDA:268,1,1,1
BRF:4
BRH:2
end_of_record
TN:
SF:src/pages/Planning.tsx
FN:95,(anonymous_0)
FN:99,(anonymous_1)
FN:103,(anonymous_2)
FN:111,(anonymous_3)
FN:119,(anonymous_4)
FN:223,(anonymous_5)
FN:225,(anonymous_6)
FN:313,(anonymous_7)
FN:336,(anonymous_8)
FN:359,(anonymous_9)
FN:429,(anonymous_10)
FN:494,(anonymous_11)
FN:496,(anonymous_12)
FN:523,(anonymous_13)
FNF:14
FNH:5
FNDA:1,(anonymous_0)
FNDA:0,(anonymous_1)
FNDA:0,(anonymous_2)
FNDA:0,(anonymous_3)
FNDA:0,(anonymous_4)
FNDA:0,(anonymous_5)
FNDA:3,(anonymous_6)
FNDA:0,(anonymous_7)
FNDA:0,(anonymous_8)
FNDA:0,(anonymous_9)
FNDA:5,(anonymous_10)
FNDA:0,(anonymous_11)
FNDA:3,(anonymous_12)
FNDA:4,(anonymous_13)
DA:2,1
DA:3,1
DA:4,1
DA:5,1
DA:6,1
DA:7,1
DA:8,1
DA:17,1
DA:25,1
DA:30,1
DA:32,1
DA:63,1
DA:72,1
DA:78,1
DA:87,1
DA:93,1
DA:95,1
DA:96,1
DA:97,1
DA:99,1
DA:100,0
DA:103,1
DA:104,0
DA:111,1
DA:112,0
DA:119,1
DA:120,0
DA:127,1
DA:223,0
DA:226,3
DA:313,0
DA:336,0
DA:359,0
DA:430,5
DA:494,0
DA:497,3
DA:524,4
DA:532,1
LF:38
LH:29
BRDA:100,0,0,0
BRDA:100,0,1,0
BRDA:312,1,0,0
BRDA:312,1,1,1
BRDA:321,2,0,1
BRDA:321,2,1,0
BRDA:335,3,0,0
BRDA:335,3,1,1
BRDA:344,4,0,1
BRDA:344,4,1,0
BRDA:358,5,0,0
BRDA:358,5,1,1
BRDA:367,6,0,1
BRDA:367,6,1,0
BRDA:435,7,0,3
BRDA:435,7,1,2
BRDA:436,8,0,2
BRDA:436,8,1,0
BRDA:444,9,0,1
BRDA:444,9,1,4
BRDA:445,10,0,2
BRDA:445,10,1,2
BRDA:446,11,0,1
BRDA:446,11,1,1
BRDA:497,12,0,1
BRDA:497,12,1,2
BRDA:497,13,0,1
BRDA:497,13,1,1
BRF:28
BRH:19
end_of_record
TN:
SF:src/pages/SdlcDashboard.tsx
FN:13,(anonymous_0)
FN:18,(anonymous_1)
FN:19,(anonymous_2)
FN:32,(anonymous_3)
FN:35,(anonymous_4)
FN:37,(anonymous_5)
FN:126,(anonymous_6)
FN:126,(anonymous_7)
FN:135,(anonymous_8)
FN:154,(anonymous_9)
FNF:10
FNH:7
FNDA:2,(anonymous_0)
FNDA:1,(anonymous_1)
FNDA:1,(anonymous_2)
FNDA:1,(anonymous_3)
FNDA:0,(anonymous_4)
FNDA:0,(anonymous_5)
FNDA:4,(anonymous_6)
FNDA:0,(anonymous_7)
FNDA:4,(anonymous_8)
FNDA:4,(anonymous_9)
DA:1,1
DA:2,1
DA:3,1
DA:4,1
DA:5,1
DA:6,1
DA:7,1
DA:8,1
DA:9,1
DA:13,1
DA:14,2
DA:15,2
DA:16,2
DA:18,2
DA:19,1
DA:20,1
DA:21,1
DA:22,1
DA:29,1
DA:30,1
DA:32,1
DA:35,2
DA:36,0
DA:37,0
DA:38,0
DA:39,0
DA:47,2
DA:48,1
DA:55,1
DA:126,4
DA:136,4
DA:155,4
DA:186,1
LF:33
LH:29
BRDA:47,0,0,1
BRDA:47,0,1,1
BRDA:69,1,0,0
BRDA:69,1,1,1
BRF:4
BRH:3
end_of_record
TN:
SF:src/pages/Settings.tsx
FN:5,(anonymous_0)
FN:24,(anonymous_1)
FN:35,(anonymous_2)
FN:46,(anonymous_3)
FN:57,(anonymous_4)
FN:192,(anonymous_5)
FNF:6
FNH:1
FNDA:1,(anonymous_0)
FNDA:0,(anonymous_1)
FNDA:0,(anonymous_2)
FNDA:0,(anonymous_3)
FNDA:0,(anonymous_4)
FNDA:0,(anonymous_5)
DA:2,1
DA:3,1
DA:5,1
DA:6,1
DA:8,1
DA:24,0
DA:35,0
DA:46,0
DA:57,0
DA:192,1
DA:193,0
DA:217,1
LF:12
LH:7
BRDA:20,0,0,1
BRDA:20,0,1,0
BRDA:31,1,0,0
BRDA:31,1,1,1
BRDA:42,2,0,0
BRDA:42,2,1,1
BRDA:53,3,0,0
BRDA:53,3,1,1
BRDA:66,4,0,1
BRDA:66,4,1,1
BRDA:117,5,0,1
BRDA:117,5,1,0
BRDA:168,6,0,1
BRDA:168,6,1,0
BRDA:177,7,0,1
BRDA:177,7,1,0
BRDA:192,8,0,0
BRF:17
BRH:9
end_of_record
